{"numTotalTestSuites":2,"numPassedTestSuites":0,"numFailedTestSuites":2,"numPendingTestSuites":0,"numTotalTests":12,"numPassedTests":11,"numFailedTests":1,"numPendingTests":0,"numTodoTests":0,"snapshot":{"added":0,"failure":false,"filesAdded":0,"filesRemoved":0,"filesRemovedList":[],"filesUnmatched":0,"filesUpdated":0,"matched":0,"total":0,"unchecked":0,"uncheckedKeysByFile":[],"unmatched":0,"updated":0,"didUpdate":false},"startTime":1775204000774,"success":false,"testResults":[{"assertionResults":[{"ancestorTitles":["UserMenu"],"fullName":"UserMenu Renders all 9 menu items","status":"passed","title":"Renders all 9 menu items","duration":55.69450000000006,"failureMessages":[],"meta":{},"tags":[]},{"ancestorTitles":["UserMenu"],"fullName":"UserMenu Renders profile card with name and email","status":"failed","title":"Renders profile card with name and email","duration":26.3291999999999,"failureMessages":["TypeError: Cannot read properties of null (reading 'textContent')\n    at Object.toHaveTextContent (C:/Users/PB-Abhay/Desktop/Work/Personal/Personal projects/Chota Packet/frontend/src/test-setup.js:49:27)\n    at Proxy.expectWrapper (file:///C:/Users/PB-Abhay/Desktop/Work/Personal/Personal%20projects/Chota%20Packet/frontend/node_modules/@vitest/expect/dist/index.js:1870:36)\n    at Proxy.<anonymous> (file:///C:/Users/PB-Abhay/Desktop/Work/Personal/Personal%20projects/Chota%20Packet/frontend/node_modules/@vitest/expect/dist/index.js:1155:15)\n    at Proxy.methodWrapper (file:///C:/Users/PB-Abhay/Desktop/Work/Personal/Personal%20projects/Chota%20Packet/frontend/node_modules/chai/index.js:1700:25)\n    at C:/Users/PB-Abhay/Desktop/Work/Personal/Personal projects/Chota Packet/frontend/src/components/layout/Sidebar/UserMenu.test.jsx:65:25\n    at file:///C:/Users/PB-Abhay/Desktop/Work/Personal/Personal%20projects/Chota%20Packet/frontend/node_modules/@vitest/runner/dist/chunk-artifact.js:302:11\n    at file:///C:/Users/PB-Abhay/Desktop/Work/Personal/Personal%20projects/Chota%20Packet/frontend/node_modules/@vitest/runner/dist/chunk-artifact.js:1893:26\n    at file:///C:/Users/PB-Abhay/Desktop/Work/Personal/Personal%20projects/Chota%20Packet/frontend/node_modules/@vitest/runner/dist/chunk-artifact.js:2316:20\n    at new Promise (<anonymous>)\n    at runWithCancel (file:///C:/Users/PB-Abhay/Desktop/Work/Personal/Personal%20projects/Chota%20Packet/frontend/node_modules/@vitest/runner/dist/chunk-artifact.js:2313:10)"],"meta":{},"tags":[]},{"ancestorTitles":["UserMenu"],"fullName":"UserMenu Profile card shows initials when avatar is null","status":"passed","title":"Profile card shows initials when avatar is null","duration":14.94029999999998,"failureMessages":[],"meta":{},"tags":[]},{"ancestorTitles":["UserMenu"],"fullName":"UserMenu Clicking each stub item triggers a toast (except Appearance)","status":"passed","title":"Clicking each stub item triggers a toast (except Appearance)","duration":110.14900000000011,"failureMessages":[],"meta":{},"tags":[]},{"ancestorTitles":["UserMenu"],"fullName":"UserMenu Appearance item opens the Appearance sub-panel","status":"passed","title":"Appearance item opens the Appearance sub-panel","duration":32.659400000000005,"failureMessages":[],"meta":{},"tags":[]},{"ancestorTitles":["UserMenu"],"fullName":"UserMenu Sign Out shows \"not signed in\" toast","status":"passed","title":"Sign Out shows \"not signed in\" toast","duration":17.590599999999995,"failureMessages":[],"meta":{},"tags":[]},{"ancestorTitles":["UserMenu"],"fullName":"UserMenu Escape closes the menu when on main panel","status":"passed","title":"Escape closes the menu when on main panel","duration":9.942800000000034,"failureMessages":[],"meta":{},"tags":[]},{"ancestorTitles":["UserMenu"],"fullName":"UserMenu Outside click closes the menu","status":"passed","title":"Outside click closes the menu","duration":8.865399999999909,"failureMessages":[],"meta":{},"tags":[]},{"ancestorTitles":["UserMenu"],"fullName":"UserMenu Arrow Down moves focus to next item","status":"passed","title":"Arrow Down moves focus to next item","duration":9.39910000000009,"failureMessages":[],"meta":{},"tags":[]},{"ancestorTitles":["UserMenu"],"fullName":"UserMenu Arrow Down wraps from last to first","status":"passed","title":"Arrow Down wraps from last to first","duration":10.622000000000071,"failureMessages":[],"meta":{},"tags":[]},{"ancestorTitles":["UserMenu"],"fullName":"UserMenu Arrow Up wraps from first to last","status":"passed","title":"Arrow Up wraps from first to last","duration":11.954600000000028,"failureMessages":[],"meta":{},"tags":[]},{"ancestorTitles":["UserMenu"],"fullName":"UserMenu Focus returns to user button on close","status":"passed","title":"Focus returns to user button on close","duration":8.626800000000003,"failureMessages":[],"meta":{},"tags":[]}],"startTime":1775204001864,"endTime":1775204002180.6267,"status":"failed","message":"","name":"C:/Users/PB-Abhay/Desktop/Work/Personal/Personal projects/Chota Packet/frontend/src/components/layout/Sidebar/UserMenu.test.jsx"}]}