{"numTotalTestSuites":2,"numPassedTestSuites":0,"numFailedTestSuites":2,"numPendingTestSuites":0,"numTotalTests":13,"numPassedTests":1,"numFailedTests":12,"numPendingTests":0,"numTodoTests":0,"snapshot":{"added":0,"failure":false,"filesAdded":0,"filesRemoved":0,"filesRemovedList":[],"filesUnmatched":0,"filesUpdated":0,"matched":0,"total":0,"unchecked":0,"uncheckedKeysByFile":[],"unmatched":0,"updated":0,"didUpdate":false},"startTime":1775196971885,"success":false,"testResults":[{"assertionResults":[{"ancestorTitles":["UserMenu"],"fullName":"UserMenu Renders all 9 menu items","status":"passed","title":"Renders all 9 menu items","duration":103.3755000000001,"failureMessages":[],"meta":{},"tags":[]},{"ancestorTitles":["UserMenu"],"fullName":"UserMenu Renders profile card with name and email","status":"failed","title":"Renders profile card with name and email","duration":27.79840000000013,"failureMessages":["TestingLibraryElementError: Found multiple elements with the role \"button\" and name `/user menu/i`\n\nHere are the matching elements:\n\nIgnored nodes: comments, script, style\n\u001b[36m<button\u001b[39m\n  \u001b[33maria-expanded\u001b[39m=\u001b[32m\"true\"\u001b[39m\n  \u001b[33maria-haspopup\u001b[39m=\u001b[32m\"menu\"\u001b[39m\n  \u001b[33maria-label\u001b[39m=\u001b[32m\"User menu\"\u001b[39m\n  \u001b[33mclass\u001b[39m=\u001b[32m\"user-btn expanded active\"\u001b[39m\n  \u001b[33mtype\u001b[39m=\u001b[32m\"button\"\u001b[39m\n\u001b[36m>\u001b[39m\n  \u001b[36m<div\u001b[39m\n    \u001b[33maria-hidden\u001b[39m=\u001b[32m\"true\"\u001b[39m\n    \u001b[33mclass\u001b[39m=\u001b[32m\"user-avatar\"\u001b[39m\n    \u001b[33mdata-testid\u001b[39m=\u001b[32m\"user-button-avatar\"\u001b[39m\n  \u001b[36m>\u001b[39m\n    \u001b[36m<span>\u001b[39m\n      \u001b[0mTU\u001b[0m\n    \u001b[36m</span>\u001b[39m\n  \u001b[36m</div>\u001b[39m\n  \u001b[36m<div\u001b[39m\n    \u001b[33mclass\u001b[39m=\u001b[32m\"user-info\"\u001b[39m\n  \u001b[36m>\u001b[39m\n    \u001b[36m<span\u001b[39m\n      \u001b[33mclass\u001b[39m=\u001b[32m\"user-name\"\u001b[39m\n    \u001b[36m>\u001b[39m\n      \u001b[0mTest User\u001b[0m\n    \u001b[36m</span>\u001b[39m\n    \u001b[36m<span\u001b[39m\n      \u001b[33mclass\u001b[39m=\u001b[32m\"user-email\"\u001b[39m\n    \u001b[36m>\u001b[39m\n      \u001b[0mtest@example.com\u001b[0m\n    \u001b[36m</span>\u001b[39m\n  \u001b[36m</div>\u001b[39m\n  \u001b[36m<svg\u001b[39m\n    \u001b[33mclass\u001b[39m=\u001b[32m\"user-chevron\"\u001b[39m\n    \u001b[33mfill\u001b[39m=\u001b[32m\"none\"\u001b[39m\n    \u001b[33mstroke\u001b[39m=\u001b[32m\"currentColor\"\u001b[39m\n    \u001b[33mstroke-linecap\u001b[39m=\u001b[32m\"round\"\u001b[39m\n    \u001b[33mstroke-linejoin\u001b[39m=\u001b[32m\"round\"\u001b[39m\n    \u001b[33mstroke-width\u001b[39m=\u001b[32m\"2\"\u001b[39m\n    \u001b[33mstyle\u001b[39m=\u001b[32m\"transform: rotate(180deg); transition: transform 0.2s ease;\"\u001b[39m\n    \u001b[33mviewBox\u001b[39m=\u001b[32m\"0 0 24 24\"\u001b[39m\n  \u001b[36m>\u001b[39m\n    \u001b[36m<polyline\u001b[39m\n      \u001b[33mpoints\u001b[39m=\u001b[32m\"9 18 15 12 9 6\"\u001b[39m\n    \u001b[36m/>\u001b[39m\n  \u001b[36m</svg>\u001b[39m\n\u001b[36m</button>\u001b[39m\n\nIgnored nodes: comments, script, style\n\u001b[36m<button\u001b[39m\n  \u001b[33maria-expanded\u001b[39m=\u001b[32m\"false\"\u001b[39m\n  \u001b[33maria-haspopup\u001b[39m=\u001b[32m\"menu\"\u001b[39m\n  \u001b[33maria-label\u001b[39m=\u001b[32m\"User menu\"\u001b[39m\n  \u001b[33mclass\u001b[39m=\u001b[32m\"user-btn expanded \"\u001b[39m\n  \u001b[33mtype\u001b[39m=\u001b[32m\"button\"\u001b[39m\n\u001b[36m>\u001b[39m\n  \u001b[36m<div\u001b[39m\n    \u001b[33maria-hidden\u001b[39m=\u001b[32m\"true\"\u001b[39m\n    \u001b[33mclass\u001b[39m=\u001b[32m\"user-avatar\"\u001b[39m\n    \u001b[33mdata-testid\u001b[39m=\u001b[32m\"user-button-avatar\"\u001b[39m\n  \u001b[36m>\u001b[39m\n    \u001b[36m<span>\u001b[39m\n      \u001b[0mTU\u001b[0m\n    \u001b[36m</span>\u001b[39m\n  \u001b[36m</div>\u001b[39m\n  \u001b[36m<div\u001b[39m\n    \u001b[33mclass\u001b[39m=\u001b[32m\"user-info\"\u001b[39m\n  \u001b[36m>\u001b[39m\n    \u001b[36m<span\u001b[39m\n      \u001b[33mclass\u001b[39m=\u001b[32m\"user-name\"\u001b[39m\n    \u001b[36m>\u001b[39m\n      \u001b[0mTest User\u001b[0m\n    \u001b[36m</span>\u001b[39m\n    \u001b[36m<span\u001b[39m\n      \u001b[33mclass\u001b[39m=\u001b[32m\"user-email\"\u001b[39m\n    \u001b[36m>\u001b[39m\n      \u001b[0mtest@example.com\u001b[0m\n    \u001b[36m</span>\u001b[39m\n  \u001b[36m</div>\u001b[39m\n  \u001b[36m<svg\u001b[39m\n    \u001b[33mclass\u001b[39m=\u001b[32m\"user-chevron\"\u001b[39m\n    \u001b[33mfill\u001b[39m=\u001b[32m\"none\"\u001b[39m\n    \u001b[33mstroke\u001b[39m=\u001b[32m\"currentColor\"\u001b[39m\n    \u001b[33mstroke-linecap\u001b[39m=\u001b[32m\"round\"\u001b[39m\n    \u001b[33mstroke-linejoin\u001b[39m=\u001b[32m\"round\"\u001b[39m\n    \u001b[33mstroke-width\u001b[39m=\u001b[32m\"2\"\u001b[39m\n    \u001b[33mstyle\u001b[39m=\u001b[32m\"transform: none; transition: transform 0.2s ease;\"\u001b[39m\n    \u001b[33mviewBox\u001b[39m=\u001b[32m\"0 0 24 24\"\u001b[39m\n  \u001b[36m>\u001b[39m\n    \u001b[36m<polyline\u001b[39m\n      \u001b[33mpoints\u001b[39m=\u001b[32m\"9 18 15 12 9 6\"\u001b[39m\n    \u001b[36m/>\u001b[39m\n  \u001b[36m</svg>\u001b[39m\n\u001b[36m</button>\u001b[39m\n\n(If this is intentional, then use the `*AllBy*` variant of the query (like `queryAllByText`, `getAllByText`, or `findAllByText`)).\n\nIgnored nodes: comments, script, style\n\u001b[36m<body>\u001b[39m\n  \u001b[36m<div>\u001b[39m\n    \u001b[36m<div\u001b[39m\n      \u001b[33mclass\u001b[39m=\u001b[32m\"user-btn-wrapper relative\"\u001b[39m\n    \u001b[36m>\u001b[39m\n      \u001b[36m<button\u001b[39m\n        \u001b[33maria-expanded\u001b[39m=\u001b[32m\"true\"\u001b[39m\n        \u001b[33maria-haspopup\u001b[39m=\u001b[32m\"menu\"\u001b[39m\n        \u001b[33maria-label\u001b[39m=\u001b[32m\"User menu\"\u001b[39m\n        \u001b[33mclass\u001b[39m=\u001b[32m\"user-btn expanded active\"\u001b[39m\n        \u001b[33mtype\u001b[39m=\u001b[32m\"button\"\u001b[39m\n      \u001b[36m>\u001b[39m\n        \u001b[36m<div\u001b[39m\n          \u001b[33maria-hidden\u001b[39m=\u001b[32m\"true\"\u001b[39m\n          \u001b[33mclass\u001b[39m=\u001b[32m\"user-avatar\"\u001b[39m\n          \u001b[33mdata-testid\u001b[39m=\u001b[32m\"user-button-avatar\"\u001b[39m\n        \u001b[36m>\u001b[39m\n          \u001b[36m<span>\u001b[39m\n            \u001b[0mTU\u001b[0m\n          \u001b[36m</span>\u001b[39m\n        \u001b[36m</div>\u001b[39m\n        \u001b[36m<div\u001b[39m\n          \u001b[33mclass\u001b[39m=\u001b[32m\"user-info\"\u001b[39m\n        \u001b[36m>\u001b[39m\n          \u001b[36m<span\u001b[39m\n            \u001b[33mclass\u001b[39m=\u001b[32m\"user-name\"\u001b[39m\n          \u001b[36m>\u001b[39m\n            \u001b[0mTest User\u001b[0m\n          \u001b[36m</span>\u001b[39m\n          \u001b[36m<span\u001b[39m\n            \u001b[33mclass\u001b[39m=\u001b[32m\"user-email\"\u001b[39m\n          \u001b[36m>\u001b[39m\n            \u001b[0mtest@example.com\u001b[0m\n          \u001b[36m</span>\u001b[39m\n        \u001b[36m</div>\u001b[39m\n        \u001b[36m<svg\u001b[39m\n          \u001b[33mclass\u001b[39m=\u001b[32m\"user-chevron\"\u001b[39m\n          \u001b[33mfill\u001b[39m=\u001b[32m\"none\"\u001b[39m\n          \u001b[33mstroke\u001b[39m=\u001b[32m\"currentColor\"\u001b[39m\n          \u001b[33mstroke-linecap\u001b[39m=\u001b[32m\"round\"\u001b[39m\n          \u001b[33mstroke-linejoin\u001b[39m=\u001b[32m\"round\"\u001b[39m\n          \u001b[33mstroke-width\u001b[39m=\u001b[32m\"2\"\u001b[39m\n          \u001b[33mstyle\u001b[39m=\u001b[32m\"transform: rotate(180deg); transition: transform 0.2s ease;\"\u001b[39m\n          \u001b[33mviewBox\u001b[39m=\u001b[32m\"0 0 24 24\"\u001b[39m\n        \u001b[36m>\u001b[39m\n          \u001b[36m<polyline\u001b[39m\n            \u001b[33mpoints\u001b[39m=\u001b[32m\"9 18 15 12 9 6\"\u001b[39m\n          \u001b[36m/>\u001b[39m\n        \u001b[36m</svg>\u001b[39m\n      \u001b[36m</button>\u001b[39m\n      \u001b[36m<div\u001b[39m\n        \u001b[33maria-label\u001b[39m=\u001b[32m\"User actions\"\u001b[39m\n        \u001b[33mclass\u001b[39m=\u001b[32m\"user-menu-wrapper\"\u001b[39m\n        \u001b[33mrole\u001b[39m=\u001b[32m\"menu\"\u001b[39m\n      \u001b[36m>\u001b[39m\n        \u001b[36m<button\u001b[39m\n          \u001b[33mclass\u001b[39m=\u001b[32m\"user-menu-item stubbed\"\u001b[39m\n          \u001b[33mrole\u001b[39m=\u001b[32m\"menuitem\"\u001b[39m\n        \u001b[36m>\u001b[39m\n          \u001b[36m<svg\u001b[39m\n            \u001b[33maria-hidden\u001b[39m=\u001b[32m\"true\"\u001b[39m\n            \u001b[33mclass\u001b[39m=\u001b[32m\"lucide lucide-user user-menu-item-icon\"\u001b[39m\n            \u001b[33mfill\u001b[39m=\u001b[32m\"none\"\u001b[39m\n            \u001b[33mheight\u001b[39m=\u001b[32m\"24\"\u001b[39m\n            \u001b[33mstroke\u001b[39m=\u001b[32m\"currentColor\"\u001b[39m\n            \u001b[33mstroke-linecap\u001b[39m=\u001b[32m\"round\"\u001b[39m\n            \u001b[33mstroke-linejoin\u001b[39m=\u001b[32m\"round\"\u001b[39m\n            \u001b[33mstroke-width\u001b[39m=\u001b[32m\"2\"\u001b[39m\n            \u001b[33mviewBox\u001b[39m=\u001b[32m\"0 0 24 24\"\u001b[39m\n            \u001b[33mwidth\u001b[39m=\u001b[32m\"24\"\u001b[39m\n            \u001b[33mxmlns\u001b[39m=\u001b[32m\"http://www.w3.org/2000/svg\"\u001b[39m\n          \u001b[36m>\u001b[39m\n            \u001b[36m<path\u001b[39m\n              \u001b[33md\u001b[39m=\u001b[32m\"M19 21v-2a4 4 0 0 0-4-4H9a4 4 0 0 0-4 4v2\"\u001b[39m\n            \u001b[36m/>\u001b[39m\n            \u001b[36m<circle\u001b[39m\n              \u001b[33mcx\u001b[39m=\u001b[32m\"12\"\u001b[39m\n              \u001b[33mcy\u001b[39m=\u001b[32m\"7\"\u001b[39m\n              \u001b[33mr\u001b[39m=\u001b[32m\"4\"\u001b[39m\n            \u001b[36m/>\u001b[39m\n          \u001b[36m</svg>\u001b[39m\n          \u001b[36m<span>\u001b[39m\n            \u001b[0mAccount\u001b[0m\n          \u001b[36m</span>\u001b[39m\n        \u001b[36m</button>\u001b[39m\n        \u001b[36m<button\u001b[39m\n          \u001b[33mclass\u001b[39m=\u001b[32m\"user-menu-item stubbed\"\u001b[39m\n          \u001b[33mrole\u001b[39m=\u001b[32m\"menuitem\"\u001b[39m\n        \u001b[36m>\u001b[39m\n          \u001b[36m<svg\u001b[39m\n            \u001b[33maria-hidden\u001b[39m=\u001b[32m\"true\"\u001b[39m\n            \u001b[33mclass\u001b[39m=\u001b[32m\"lucide lucide-settings user-menu-item-icon\"\u001b[39m\n            \u001b[33mfill\u001b[39m=\u001b[32m\"none\"\u001b[39m\n            \u001b[33mheight\u001b[39m=\u001b[32m\"24\"\u001b[39m\n            \u001b[33mstroke\u001b[39m=\u001b[32m\"currentColor\"\u001b[39m\n            \u001b[33mstroke-linecap\u001b[39m=\u001b[32m\"round\"\u001b[39m\n            \u001b[33mstroke-linejoin\u001b[39m=\u001b[32m\"round\"\u001b[39m\n            \u001b[33mstroke-width\u001b[39m=\u001b[32m\"2\"\u001b[39m\n            \u001b[33mviewBox\u001b[39m=\u001b[32m\"0 0 24 24\"\u001b[39m\n            \u001b[33mwidth\u001b[39m=\u001b[32m\"24\"\u001b[39m\n            \u001b[33mxmlns\u001b[39m=\u001b[32m\"http://www.w3.org/2000/svg\"\u001b[39m\n          \u001b[36m>\u001b[39m\n            \u001b[36m<path\u001b[39m\n              \u001b[33md\u001b[39m=\u001b[32m\"M9.671 4.136a2.34 2.34 0 0 1 4.659 0 2.34 2.34 0 0 0 3.319 1.915 2.34 2.34 0 0 1 2.33 4.033 2.34 2.34 0 0 0 0 3.831 2.34 2.34 0 0 1-2.33 4.033 2.34 2.34 0 0 0-3.319 1.915 2.34 2.34 0 0 1-4.659 0 2.34 2.34 0 0 0-3.32-1.915 2.34 2.34 0 0 1-2.33-4.033 2.34 2.34 0 0 0 0-3.831A2.34 2.34 0 0 1 6.35 6.051a2.34 2.34 0 0 0 3.319-1.915\"\u001b[39m\n            \u001b[36m/>\u001b[39m\n            \u001b[36m<circle\u001b[39m\n              \u001b[33mcx\u001b[39m=\u001b[32m\"12\"\u001b[39m\n              \u001b[33mcy\u001b[39m=\u001b[32m\"12\"\u001b[39m\n              \u001b[33mr\u001b[39m=\u001b[32m\"3\"\u001b[39m\n            \u001b[36m/>\u001b[39m\n          \u001b[36m</svg>\u001b[39m\n          \u001b[36m<span>\u001b[39m\n            \u001b[0mPreferences\u001b[0m\n          \u001b[36m</span>\u001b[39m\n        \u001b[36m</button>\u001b[39m\n        \u001b[36m<button\u001b[39m\n          \u001b[33mclass\u001b[39m=\u001b[32m\"user-menu-item stubbed\"\u001b[39m\n          \u001b[33mrole\u001b[39m=\u001b[32m\"menuitem\"\u001b[39m\n        \u001b[36m>\u001b[39m\n          \u001b[36m<svg\u001b[39m\n            \u001b[33maria-hidden\u001b[39m=\u001b[32m\"true\"\u001b[39m\n            \u001b[33mclass\u001b[39m=\u001b[32m\"lucide lucide-keyboard user-menu-item-icon\"\u001b[39m\n            \u001b[33mfill\u001b[39m=\u001b[32m\"none\"\u001b[39m\n            \u001b[33mheight\u001b[39m=\u001b[32m\"24\"\u001b[39m\n            \u001b[33mstroke\u001b[39m=\u001b[32m\"currentColor\"\u001b[39m\n            \u001b[33mstroke-linecap\u001b[39m=\u001b[32m\"round\"\u001b[39m\n            \u001b[33mstroke-linejoin\u001b[39m=\u001b[32m\"round\"\u001b[39m\n            \u001b[33mstroke-width\u001b[39m=\u001b[32m\"2\"\u001b[39m\n            \u001b[33mviewBox\u001b[39m=\u001b[32m\"0 0 24 24\"\u001b[39m\n            \u001b[33mwidth\u001b[39m=\u001b[32m\"24\"\u001b[39m\n            \u001b[33mxmlns\u001b[39m=\u001b[32m\"http://www.w3.org/2000/svg\"\u001b[39m\n          \u001b[36m>\u001b[39m\n            \u001b[36m<path\u001b[39m\n              \u001b[33md\u001b[39m=\u001b[32m\"M10 8h.01\"\u001b[39m\n            \u001b[36m/>\u001b[39m\n            \u001b[36m<path\u001b[39m\n              \u001b[33md\u001b[39m=\u001b[32m\"M12 12h.01\"\u001b[39m\n            \u001b[36m/>\u001b[39m\n            \u001b[36m<path\u001b[39m\n              \u001b[33md\u001b[39m=\u001b[32m\"M14 8h.01\"\u001b[39m\n            \u001b[36m/>\u001b[39m\n            \u001b[36m<path\u001b[39m\n              \u001b[33md\u001b[39m=\u001b[32m\"M16 12h.01\"\u001b[39m\n            \u001b[36m/>\u001b[39m\n            \u001b[36m<path\u001b[39m\n              \u001b[33md\u001b[39m=\u001b[32m\"M18 8h.01\"\u001b[39m\n            \u001b[36m/>\u001b[39m\n            \u001b[36m<path\u001b[39m\n              \u001b[33md\u001b[39m=\u001b[32m\"M6 8h.01\"\u001b[39m\n            \u001b[36m/>\u001b[39m\n            \u001b[36m<path\u001b[39m\n              \u001b[33md\u001b[39m=\u001b[32m\"M7 16h10\"\u001b[39m\n            \u001b[36m/>\u001b[39m\n            \u001b[36m<path\u001b[39m\n              \u001b[33md\u001b[39m=\u001b[32m\"M8 12h.01\"\u001b[39m\n            \u001b[36m/>\u001b[39m\n            \u001b[36m<rect\u001b[39m\n              \u001b[33mheight\u001b[39m=\u001b[32m\"16\"\u001b[39m\n              \u001b[33mrx\u001b[39m=\u001b[32m\"2\"\u001b[39m\n              \u001b[33mwidth\u001b[39m=\u001b[32m\"20\"\u001b[39m\n              \u001b[33mx\u001b[39m=\u001b[32m\"2\"\u001b[39m\n              \u001b[33my\u001b[39m=\u001b[32m\"4\"\u001b[39m\n            \u001b[36m/>\u001b[39m\n          \u001b[36m</svg>\u001b[39m\n          \u001b[36m<span>\u001b[39m\n            \u001b[0mShortcuts\u001b[0m\n          \u001b[36m</span>\u001b[39m\n        \u001b[36m</button>\u001b[39m\n        \u001b[36m<button\u001b[39m\n          \u001b[33mclass\u001b[39m=\u001b[32m\"user-menu-item stubbed\"\u001b[39m\n          \u001b[33mrole\u001b[39m=\u001b[32m\"menuitem\"\u001b[39m\n        \u001b[36m>\u001b[39m\n          \u001b[36m<svg\u001b[39m\n            \u001b[33maria-hidden\u001b[39m=\u001b[32m\"true\"\u001b[39m\n            \u001b[33mclass\u001b[39m=\u001b[32m\"lucide lucide-chart-pie user-menu-item-icon\"\u001b[39m\n            \u001b[33mfill\u001b[39m=\u001b[32m\"none\"\u001b[39m\n            \u001b[33mheight\u001b[39m=\u001b[32m\"24\"\u001b[39m\n            \u001b[33mstroke\u001b[39m=\u001b[32m\"currentColor\"\u001b[39m\n            \u001b[33mstroke-linecap\u001b[39m=\u001b[32m\"round\"\u001b[39m\n            \u001b[33mstroke-linejoin\u001b[39m=\u001b[32m\"round\"\u001b[39m\n            \u001b[33mstroke-width\u001b[39m=\u001b[32m\"2\"\u001b[39m\n            \u001b[33mviewBox\u001b[39m=\u001b[32m\"0 0 24 24\"\u001b[39m\n            \u001b[33mwidth\u001b[39m=\u001b[32m\"24\"\u001b[39m\n            \u001b[33mxmlns\u001b[39m=\u001b[32m\"http://www.w3.org/2000/svg\"\u001b[39m\n          \u001b[36m>\u001b[39m\n            \u001b[36m<path\u001b[39m\n              \u001b[33md\u001b[39m=\u001b[32m\"M21 12c.552 0 1.005-.449.95-.998a10 10 0 0 0-8.953-8.951c-.55-.055-.998.398-.998.95v8a1 1 0 0 0 1 1z\"\u001b[39m\n            \u001b[36m/>\u001b[39m\n            \u001b[36m<path\u001b[39m\n              \u001b[33md\u001b[39m=\u001b[32m\"M21.21 15.89A10 10 0 1 1 8 2.83\"\u001b[39m\n            \u001b[36m/>\u001b[39m\n          \u001b[36m</svg>\u001b[39m\n          \u001b[36m<span>\u001b[39m\n            \u001b[0mUsage & Credits\u001b[0m\n          \u001b[36m</span>\u001b[39m\n        \u001b[36m</button>\u001b[39m\n        \u001b[36m<button\u001b[39m\n          \u001b[33mclass\u001b[39m=\u001b[32m\"user-menu-item stubbed\"\u001b[39m\n          \u001b[33mrole\u001b[39m=\u001b[32m\"menuitem\"\u001b[39m\n        \u001b[36m>\u001b[39m\n          \u001b[36m<svg\u001b[39m\n            \u001b[33maria-hidden\u001b[39m=\u001b[32m\"true\"\u001b[39m\n            \u001b[33mclass\u001b[39m=\u001b[32m\"lucide lucide-sliders-horizontal user-menu-item-icon\"\u001b[39m\n            \u001b[33mfill\u001b[39m=\u001b[32m\"none\"\u001b[39m\n            \u001b[33mheight\u001b[39m=\u001b[32m\"24\"\u001b[39m\n            \u001b[33mstroke\u001b[39m=\u001b[32m\"currentColor\"\u001b[39m\n            \u001b[33mstroke-linecap\u001b[39m=\u001b[32m\"round\"\u001b[39m\n            \u001b[33mstroke-linejoin\u001b[39m=\u001b[32m\"round\"\u001b[39m\n            \u001b[33mstroke-width\u001b[39m=\u001b[32m\"2\"\u001b[39m\n            \u001b[33mviewBox\u001b[39m=\u001b[32m\"0 0 24 24\"\u001b[39m\n            \u001b[33mwidth\u001b[39m=\u001b[32m\"24\"\u001b[39m\n            \u001b[33mxmlns\u001b[39m=\u001b[32m\"http://www.w3.org/2000/svg\"\u001b[39m\n          \u001b[36m>\u001b[39m\n            \u001b[36m<path\u001b[39m\n              \u001b[33md\u001b[39m=\u001b[32m\"M10 5H3\"\u001b[39m\n            \u001b[36m/>\u001b[39m\n            \u001b[36m<path\u001b[39m\n              \u001b[33md\u001b[39m=\u001b[32m\"M12 19H3\"\u001b[39m\n            \u001b[36m/>\u001b[39m\n            \u001b[36m<path\u001b[39m\n              \u001b[33md\u001b[39m=\u001b[32m\"M14 3v4\"\u001b[39m\n            \u001b[36m/>\u001b[39m\n            \u001b[36m<path\u001b[39m\n              \u001b[33md\u001b[39m=\u001b[32m\"M16 17v4\"\u001b[39m\n            \u001b[36m/>\u001b[39m\n            \u001b[36m<path\u001b[39m\n              \u001b[33md\u001b[39m=\u001b[32m\"M21 12h-9\"\u001b[39m\n            \u001b[36m/>\u001b[39m\n            \u001b[36m<path\u001b[39m\n              \u001b[33md\u001b[39m=\u001b[32m\"M21 19h-5\"\u001b[39m\n            \u001b[36m/>\u001b[39m\n            \u001b[36m<path\u001b[39m\n              \u001b[33md\u001b[39m=\u001b[32m\"M21 5h-7\"\u001b[39m\n            \u001b[36m/>\u001b[39m\n            \u001b[36m<path\u001b[39m\n              \u001b[33md\u001b[39m=\u001b[32m\"M8 10v4\"\u001b[39m\n            \u001b[36m/>\u001b[39m\n            \u001b[36m<path\u001b[39m\n              \u001b[33md\u001b[39m=\u001b[32m\"M8 12H3\"\u001b[39m\n            \u001b[36m/>\u001b[39m\n          \u001b[36m</svg>\u001b[39m\n          \u001b[36m<span>\u001b[39m\n            \u001b[0mAll Settings\u001b[0m\n          \u001b[36m</span>\u001b[39m\n        \u001b[36m</button>\u001b[39m\n        \u001b[36m<button\u001b[39m\n          \u001b[33mclass\u001b[39m=\u001b[32m\"user-menu-item stubbed\"\u001b[39m\n          \u001b[33mrole\u001b[39m=\u001b[32m\"menuitem\"\u001b[39m\n        \u001b[36m>\u001b[39m\n          \u001b[36m<svg\u001b[39m\n            \u001b[33maria-hidden\u001b[39m=\u001b[32m\"true\"\u001b[39m\n            \u001b[33mclass\u001b[39m=\u001b[32m\"lucide lucide-palette user-menu-item-icon\"\u001b[39m\n            \u001b[33mfill\u001b[39m=\u001b[32m\"none\"\u001b[39m\n            \u001b[33mheight\u001b[39m=\u001b[32m\"24\"\u001b[39m\n            \u001b[33mstroke\u001b[39m=\u001b[32m\"currentColor\"\u001b[39m\n            \u001b[33mstroke-linecap\u001b[39m=\u001b[32m\"round\"\u001b[39m\n            \u001b[33mstroke-linejoin\u001b[39m=\u001b[32m\"round\"\u001b[39m\n            \u001b[33mstroke-width\u001b[39m=\u001b[32m\"2\"\u001b[39m\n            \u001b[33mviewBox\u001b[39m=\u001b[32m\"0 0 24 24\"\u001b[39m\n            \u001b[33mwidth\u001b[39m=\u001b[32m\"24\"\u001b[39m\n            \u001b[33mxmlns\u001b[39m=\u001b[32m\"http://www.w3.org/2000/svg\"\u001b[39m\n          \u001b[36m>\u001b[39m\n            \u001b[36m<path\u001b[39m\n              \u001b[33md\u001b[39m=\u001b[32m\"M12 22a1 1 0 0 1 0-20 10 9 0 0 1 10 9 5 5 0 0 1-5 5h-2.25a1.75 1.75 0 0 0-1.4 2.8l.3.4a1.75 1.75 0 0 1-1.4 2.8z\"\u001b[39m\n            \u001b[36m/>\u001b[39m\n            \u001b[36m<circle\u001b[39m\n              \u001b[33mcx\u001b[39m=\u001b[32m\"13.5\"\u001b[39m\n              \u001b[33mcy\u001b[39m=\u001b[32m\"6.5\"\u001b[39m\n              \u001b[33mfill\u001b[39m=\u001b[32m\"currentColor\"\u001b[39m\n              \u001b[33mr\u001b[39m=\u001b[32m\".5\"\u001b[39m\n            \u001b[36m/>\u001b[39m\n            \u001b[36m<circle\u001b[39m\n              \u001b[33mcx\u001b[39m=\u001b[32m\"17.5\"\u001b[39m\n              \u001b[33mcy\u001b[39m=\u001b[32m\"10.5\"\u001b[39m\n              \u001b[33mfill\u001b[39m=\u001b[32m\"currentColor\"\u001b[39m\n              \u001b[33mr\u001b[39m=\u001b[32m\".5\"\u001b[39m\n            \u001b[36m/>\u001b[39m\n            \u001b[36m<circle\u001b[39m\n              \u001b[33mcx\u001b[39m=\u001b[32m\"6.5\"\u001b[39m\n              \u001b[33mcy\u001b[39m=\u001b[32m\"12.5\"\u001b[39m\n              \u001b[33mfill\u001b[39m=\u001b[32m\"currentColor\"\u001b[39m\n              \u001b[33mr\u001b[39m=\u001b[32m\".5\"\u001b[39m\n            \u001b[36m/>\u001b[39m\n            \u001b[36m<circle\u001b[39m\n              \u001b[33mcx\u001b[39m=\u001b[32m\"8.5\"\u001b[39m\n              \u001b[33mcy\u001b[39m=\u001b[32m\"7.5\"\u001b[39m\n              \u001b[33mfill\u001b[39m=\u001b[32m\"currentColor\"\u001b[39m\n              \u001b[33mr\u001b[39m=\u001b[32m\".5\"\u001b[39m\n            \u001b[36m/>\u001b[39m\n          \u001b[36m</svg>\u001b[39m\n          \u001b[36m<span>\u001b[39m\n            \u001b[0mAppearance\u001b[0m\n          \u001b[36m</span>\u001b[39m\n        \u001b[36m</button>\u001b[39m\n        \u001b[36m<button\u001b[39m\n          \u001b[33mclass\u001b[39m=\u001b[32m\"user-menu-item stubbed\"\u001b[39m\n          \u001b[33mrole\u001b[39m=\u001b[32m\"menuitem\"\u001b[39m\n        \u001b[36m>\u001b[39m\n          \u001b[36m<svg\u001b[39m\n            \u001b[33maria-hidden\u001b[39m=\u001b[32m\"true\"\u001b[39m\n            \u001b[33mclass\u001b[39m=\u001b[32m\"lucide lucide-globe user-menu-item-icon\"\u001b[39m\n            \u001b[33mfill\u001b[39m=\u001b[32m\"none\"\u001b[39m\n            \u001b[33mheight\u001b[39m=\u001b[32m\"24\"\u001b[39m\n            \u001b[33mstroke\u001b[39m=\u001b[32m\"currentColor\"\u001b[39m\n            \u001b[33mstroke-linecap\u001b[39m=\u001b[32m\"round\"\u001b[39m\n            \u001b[33mstroke-linejoin\u001b[39m=\u001b[32m\"round\"\u001b[39m\n            \u001b[33mstroke-width\u001b[39m=\u001b[32m\"2\"\u001b[39m\n            \u001b[33mviewBox\u001b[39m=\u001b[32m\"0 0 24 24\"\u001b[39m\n            \u001b[33mwidth\u001b[39m=\u001b[32m\"24\"\u001b[39m\n            \u001b[33mxmlns\u001b[39m=\u001b[32m\"http://www.w3.org/2000/svg\"\u001b[39m\n          \u001b[36m>\u001b[39m\n            \u001b[36m<circle\u001b[39m\n              \u001b[33mcx\u001b[39m=\u001b[32m\"12\"\u001b[39m\n              \u001b[33mcy\u001b[39m=\u001b[32m\"12\"\u001b[39m\n              \u001b[33mr\u001b[39m=\u001b[32m\"10\"\u001b[39m\n            \u001b[36m/>\u001b[39m\n            \u001b[36m<path\u001b[39m\n              \u001b[33md\u001b[39m=\u001b[32m\"M12 2a14.5 14.5 0 0 0 0 20 14.5 14.5 0 0 0 0-20\"\u001b[39m\n            \u001b[36m/>\u001b[39m\n            \u001b[36m<path\u001b[39m\n              \u001b[33md\u001b[39m=\u001b[32m\"M2 12h20\"\u001b[39m\n            \u001b[36m/>\u001b[39m\n          \u001b[36m</svg>\u001b[39m\n          \u001b[36m<span>\u001b[39m\n            \u001b[0mLanguage\u001b[0m\n          \u001b[36m</span>\u001b[39m\n        \u001b[36m</button>\u001b[39m\n        \u001b[36m<button\u001b[39m\n          \u001b[33mclass\u001b[39m=\u001b[32m\"user-menu-item stubbed\"\u001b[39m\n          \u001b[33mrole\u001b[39m=\u001b[32m\"menuitem\"\u001b[39m\n        \u001b[36m>\u001b[39m\n          \u001b[36m<svg\u001b[39m\n            \u001b[33maria-hidden\u001b[39m=\u001b[32m\"true\"\u001b[39m\n            \u001b[33mclass\u001b[39m=\u001b[32m\"lucide lucide-circle-question-mark user-menu-item-icon\"\u001b[39m\n            \u001b[33mfill\u001b[39m=\u001b[32m\"none\"\u001b[39m\n            \u001b[33mheight\u001b[39m=\u001b[32m\"24\"\u001b[39m\n            \u001b[33mstroke\u001b[39m=\u001b[32m\"currentColor\"\u001b[39m\n            \u001b[33mstroke-linecap\u001b[39m=\u001b[32m\"round\"\u001b[39m\n            \u001b[33mstroke-linejoin\u001b[39m=\u001b[32m\"round\"\u001b[39m\n            \u001b[33mstroke-width\u001b[39m=\u001b[32m\"2\"\u001b[39m\n            \u001b[33mviewBox\u001b[39m=\u001b[32m\"0 0 24 24\"\u001b[39m\n            \u001b[33mwidth\u001b[39m=\u001b[32m\"24\"\u001b[39m\n            \u001b[33mxmlns\u001b[39m=\u001b[32m\"http://www.w3.org/2000/svg\"\u001b[39m\n          \u001b[36m>\u001b[39m\n            \u001b[36m<circle\u001b[39m\n              \u001b[33mcx\u001b[39m=\u001b[32m\"12\"\u001b[39m\n              \u001b[33mcy\u001b[39m=\u001b[32m\"12\"\u001b[39m\n              \u001b[33mr\u001b[39m=\u001b[32m\"10\"\u001b[39m\n            \u001b[36m/>\u001b[39m\n            \u001b[36m<path\u001b[39m\n              \u001b[33md\u001b[39m=\u001b[32m\"M9.09 9a3 3 0 0 1 5.83 1c0 2-3 3-3 3\"\u001b[39m\n            \u001b[36m/>\u001b[39m\n            \u001b[36m<path\u001b[39m\n              \u001b[33md\u001b[39m=\u001b[32m\"M12 17h.01\"\u001b[39m\n            \u001b[36m/>\u001b[39m\n          \u001b[36m</svg>\u001b[39m\n          \u001b[36m<span>\u001b[39m\n            \u001b[0mHelp\u001b[0m\n          \u001b[36m</span>\u001b[39m\n        \u001b[36m</button>\u001b[39m\n        \u001b[36m<div\u001b[39m\n          \u001b[33mclass\u001b[39m=\u001b[32m\"user-menu-divider\"\u001b[39m\n          \u001b[33mrole\u001b[39m=\u001b[32m\"separator\"\u001b[39m\n        \u001b[36m/>\u001b[39m\n        \u001b[36m<button\u001b[39m\n          \u001b[33mclass\u001b[39m=\u001b[32m\"user-menu-item stubbed\"\u001b[39m\n          \u001b[33mrole\u001b[39m=\u001b[32m\"menuitem\"\u001b[39m\n        \u001b[36m>\u001b[39m\n          \u001b[36m<svg\u001b[39m\n            \u001b[33maria-hidden\u001b[39m=\u001b[32m\"true\"\u001b[39m\n            \u001b[33mclass\u001b[39m=\u001b[32m\"lucide lucide-log-out user-menu-item-icon\"\u001b[39m\n            \u001b[33mfill\u001b[39m=\u001b[32m\"none\"\u001b[39m\n            \u001b[33mheight\u001b[39m=\u001b[32m\"24\"\u001b[39m\n            \u001b[33mstroke\u001b[39m=\u001b[32m\"currentColor\"\u001b[39m\n            \u001b[33mstroke-linecap\u001b[39m=\u001b[32m\"round\"\u001b[39m\n            \u001b[33mstroke-linejoin\u001b[39m=\u001b[32m\"round\"\u001b[39m\n            \u001b[33mstroke-width\u001b[39m=\u001b[32m\"2\"\u001b[39m\n            \u001b[33mviewBox\u001b[39m=\u001b[32m\"0 0 24 24\"\u001b[39m\n            \u001b[33mwidth\u001b[39m=\u001b[32m\"24\"\u001b[39m\n            \u001b[33mxmlns\u001b[39m=\u001b[32m\"http://www.w3.org/2000/svg\"\u001b[39m\n          \u001b[36m>\u001b[39m\n            \u001b[36m<path\u001b[39m\n              \u001b[33md\u001b[39m=\u001b[32m\"m16 17 5-5-5-5\"\u001b[39m\n            \u001b[36m/>\u001b[39m\n            \u001b[36m<path\u001b[39m\n              \u001b[33md\u001b[39m=\u001b[32m\"M21 12H9\"\u001b[39m\n            \u001b[36m/>\u001b[39m\n            \u001b[36m<path\u001b[39m\n              \u001b[33md\u001b[39m=\u001b[32m\"M9 21H5a2 2 0 0 1-2-2V5a2 2 0 0 1 2-2h4\"\u001b[39m\n            \u001b[36m/>\u001b[39m\n          \u001b[36m</svg>\u001b[39m\n          \u001b[36m<span>\u001b[39m\n            \u001b[0mSign Out\u001b[0m\n          \u001b[36m</span>\u001b[39m\n        \u001b[36m</button>\u001b[39m\n        \u001b[36m<div\u001b[39m\n          \u001b[33mclass\u001b[39m=\u001b[32m\"user-menu-profile\"\u001b[39m\n        \u001b[36m>\u001b[39m\n          \u001b[36m<div\u001b[39m\n            \u001b[33maria-hidden\u001b[39m=\u001b[32m\"true\"\u001b[39m\n            \u001b[33mclass\u001b[39m=\u001b[32m\"user-menu-profile-avatar\"\u001b[39m\n            \u001b[33mdata-testid\u001b[39m=\u001b[32m\"profile-avatar\"\u001b[39m\n          \u001b[36m>\u001b[39m\n            \u001b[36m<span>\u001b[39m\n              \u001b[0mTU\u001b[0m\n            \u001b[36m</span>\u001b[39m\n          \u001b[36m</div>\u001b[39m\n          \u001b[36m<div\u001b[39m\n            \u001b[33mclass\u001b[39m=\u001b[32m\"user-menu-profile-details\"\u001b[39m\n          \u001b[36m>\u001b[39m\n            \u001b[36m<span\u001b[39m\n              \u001b[33mclass\u001b[39m=\u001b[32m\"user-menu-profile-name\"\u001b[39m\n            \u001b[36m>\u001b[39m\n              \u001b[0mTest User\u001b[0m\n            \u001b[36m</span>\u001b[39m\n            \u001b[36m<span\u001b[39m\n              \u001b[33mclass\u001b[39m=\u001b[32m\"user-menu-profile-email\"\u001b[39m\n            \u001b[36m>\u001b[39m\n              \u001b[0mtest@example.com\u001b[0m\n            \u001b[36m</span>\u001b[39m\n          \u001b[36m</div>\u001b[39m\n        \u001b[36m</div>\u001b[39m\n      \u001b[36m</div>\u001b[39m\n    \u001b[36m</div>\u001b[39m\n  \u001b[36m</div>\u001b[39m\n  \u001b[36m<div>\u001b[39m\n    \u001b[36m<div\u001b[39m\n      \u001b[33mclass\u001b[39m=\u001b[32m\"user-btn-wrapper relative\"\u001b[39m\n    \u001b[36m>\u001b[39m\n      \u001b[36m<button\u001b[39m\n        \u001b[33maria-expanded\u001b[39m=\u001b[32m\"false\"\u001b[39m\n        \u001b[33maria-haspopup\u001b[39m=\u001b[32m\"menu\"\u001b[39m\n        \u001b[33maria-label\u001b[39m=\u001b[32m\"User menu\"\u001b[39m\n        \u001b[33mclass\u001b[39m=\u001b[32m\"user-btn expanded \"\u001b[39m\n        \u001b[33mtype\u001b[39m=\u001b[32m\"button\"\u001b[39m\n      \u001b[36m>\u001b[39m\n        \u001b[36m<div\u001b[39m\n          \u001b[33maria-hidden\u001b[39m=\u001b[32m\"true\"\u001b[39m\n          \u001b[33mclass\u001b[39m=\u001b[32m\"user-avatar\"\u001b[39m\n          \u001b[33mdata-testid\u001b[39m=\u001b[32m\"user-button-avatar\"\u001b[39m\n        \u001b[36m>\u001b[39m\n          \u001b[36m<span>\u001b[39m\n            \u001b[0mTU\u001b[0m\n          \u001b[36m</span>\u001b[39m\n        \u001b[36m</div>\u001b[39m\n        \u001b[36m<div\u001b[39m\n          \u001b[33mclass\u001b[39m=\u001b[32m\"user-info\"\u001b[39m\n        \u001b[36m>\u001b[39m\n          \u001b[36m<span\u001b[39m\n            \u001b[33mclass\u001b[39m=\u001b[32m\"user-name\"\u001b[39m\n          \u001b[36m>\u001b[39m\n            \u001b[0mTest User\u001b[0m\n          \u001b[36m</span>\u001b[39m\n          \u001b[36m<span\u001b[39m\n            \u001b[33mclass\u001b[39m=\u001b[32m\"user-email\"\u001b[39m\n          \u001b[36m>\u001b[39m\n            \u001b[0mtest@example.com\u001b[0m\n          \u001b[36m</span>\u001b[39m\n        \u001b[36m</div>\u001b[39m\n        \u001b[36m<svg\u001b[39m\n          \u001b[33mclass\u001b[39m=\u001b[32m\"user-chevron\"\u001b[39m\n          \u001b[33mfill\u001b[39m=\u001b[32m\"none\"\u001b[39m\n          \u001b[33mstroke\u001b[39m=\u001b[32m\"currentColor\"\u001b[39m\n          \u001b[33mstroke-linecap\u001b[39m=\u001b[32m\"round\"\u001b[39m\n          \u001b[33mstroke-linejoin\u001b[39m=\u001b[32m\"round\"\u001b[39m\n          \u001b[33mstroke-width\u001b[39m=\u001b[32m\"2\"\u001b[39m\n          \u001b[33mstyle\u001b[39m=\u001b[32m\"transform: none; transition: transform 0.2s ease;\"\u001b[39m\n          \u001b[33mviewBox\u001b[39m=\u001b[32m\"0 0 24 24\"\u001b[39m\n        \u001b[36m>\u001b[39m\n          \u001b[36m<polyline\u001b[39m\n            \u001b[33mpoints\u001b[39m=\u001b[32m\"9 18 15 12 9 6\"\u001b[39m\n          \u001b[36m/>\u001b[39m\n        \u001b[36m</svg>\u001b[39m\n      \u001b[36m</button>\u001b[39m\n    \u001b[36m</div>\u001b[39m\n  \u001b[36m</div>\u001b[39m\n\u001b[36m</body>\u001b[39m\n    at Object.getElementError (C:\\Users\\PB-Abhay\\Desktop\\Work\\Personal\\Personal projects\\Chota Packet\\frontend\\node_modules\\@testing-library\\dom\\dist\\config.js:37:19)\n    at getElementError (C:\\Users\\PB-Abhay\\Desktop\\Work\\Personal\\Personal projects\\Chota Packet\\frontend\\node_modules\\@testing-library\\dom\\dist\\query-helpers.js:20:35)\n    at getMultipleElementsFoundError (C:\\Users\\PB-Abhay\\Desktop\\Work\\Personal\\Personal projects\\Chota Packet\\frontend\\node_modules\\@testing-library\\dom\\dist\\query-helpers.js:23:10)\n    at C:\\Users\\PB-Abhay\\Desktop\\Work\\Personal\\Personal projects\\Chota Packet\\frontend\\node_modules\\@testing-library\\dom\\dist\\query-helpers.js:55:13\n    at C:\\Users\\PB-Abhay\\Desktop\\Work\\Personal\\Personal projects\\Chota Packet\\frontend\\node_modules\\@testing-library\\dom\\dist\\query-helpers.js:95:19\n    at openMenu (C:/Users/PB-Abhay/Desktop/Work/Personal/Personal projects/Chota Packet/frontend/src/components/layout/Sidebar/UserMenu.test.jsx:33:24)\n    at C:/Users/PB-Abhay/Desktop/Work/Personal/Personal projects/Chota Packet/frontend/src/components/layout/Sidebar/UserMenu.test.jsx:52:5\n    at file:///C:/Users/PB-Abhay/Desktop/Work/Personal/Personal%20projects/Chota%20Packet/frontend/node_modules/@vitest/runner/dist/chunk-artifact.js:302:11\n    at file:///C:/Users/PB-Abhay/Desktop/Work/Personal/Personal%20projects/Chota%20Packet/frontend/node_modules/@vitest/runner/dist/chunk-artifact.js:1893:26\n    at file:///C:/Users/PB-Abhay/Desktop/Work/Personal/Personal%20projects/Chota%20Packet/frontend/node_modules/@vitest/runner/dist/chunk-artifact.js:2316:20"],"meta":{},"tags":[]},{"ancestorTitles":["UserMenu"],"fullName":"UserMenu Profile card shows initials when avatar is null","status":"failed","title":"Profile card shows initials when avatar is null","duration":26.471000000000004,"failureMessages":["TestingLibraryElementError: Found multiple elements with the role \"button\" and name `/user menu/i`\n\nHere are the matching elements:\n\nIgnored nodes: comments, script, style\n\u001b[36m<button\u001b[39m\n  \u001b[33maria-expanded\u001b[39m=\u001b[32m\"true\"\u001b[39m\n  \u001b[33maria-haspopup\u001b[39m=\u001b[32m\"menu\"\u001b[39m\n  \u001b[33maria-label\u001b[39m=\u001b[32m\"User menu\"\u001b[39m\n  \u001b[33mclass\u001b[39m=\u001b[32m\"user-btn expanded active\"\u001b[39m\n  \u001b[33mtype\u001b[39m=\u001b[32m\"button\"\u001b[39m\n\u001b[36m>\u001b[39m\n  \u001b[36m<div\u001b[39m\n    \u001b[33maria-hidden\u001b[39m=\u001b[32m\"true\"\u001b[39m\n    \u001b[33mclass\u001b[39m=\u001b[32m\"user-avatar\"\u001b[39m\n    \u001b[33mdata-testid\u001b[39m=\u001b[32m\"user-button-avatar\"\u001b[39m\n  \u001b[36m>\u001b[39m\n    \u001b[36m<span>\u001b[39m\n      \u001b[0mTU\u001b[0m\n    \u001b[36m</span>\u001b[39m\n  \u001b[36m</div>\u001b[39m\n  \u001b[36m<div\u001b[39m\n    \u001b[33mclass\u001b[39m=\u001b[32m\"user-info\"\u001b[39m\n  \u001b[36m>\u001b[39m\n    \u001b[36m<span\u001b[39m\n      \u001b[33mclass\u001b[39m=\u001b[32m\"user-name\"\u001b[39m\n    \u001b[36m>\u001b[39m\n      \u001b[0mTest User\u001b[0m\n    \u001b[36m</span>\u001b[39m\n    \u001b[36m<span\u001b[39m\n      \u001b[33mclass\u001b[39m=\u001b[32m\"user-email\"\u001b[39m\n    \u001b[36m>\u001b[39m\n      \u001b[0mtest@example.com\u001b[0m\n    \u001b[36m</span>\u001b[39m\n  \u001b[36m</div>\u001b[39m\n  \u001b[36m<svg\u001b[39m\n    \u001b[33mclass\u001b[39m=\u001b[32m\"user-chevron\"\u001b[39m\n    \u001b[33mfill\u001b[39m=\u001b[32m\"none\"\u001b[39m\n    \u001b[33mstroke\u001b[39m=\u001b[32m\"currentColor\"\u001b[39m\n    \u001b[33mstroke-linecap\u001b[39m=\u001b[32m\"round\"\u001b[39m\n    \u001b[33mstroke-linejoin\u001b[39m=\u001b[32m\"round\"\u001b[39m\n    \u001b[33mstroke-width\u001b[39m=\u001b[32m\"2\"\u001b[39m\n    \u001b[33mstyle\u001b[39m=\u001b[32m\"transform: rotate(180deg); transition: transform 0.2s ease;\"\u001b[39m\n    \u001b[33mviewBox\u001b[39m=\u001b[32m\"0 0 24 24\"\u001b[39m\n  \u001b[36m>\u001b[39m\n    \u001b[36m<polyline\u001b[39m\n      \u001b[33mpoints\u001b[39m=\u001b[32m\"9 18 15 12 9 6\"\u001b[39m\n    \u001b[36m/>\u001b[39m\n  \u001b[36m</svg>\u001b[39m\n\u001b[36m</button>\u001b[39m\n\nIgnored nodes: comments, script, style\n\u001b[36m<button\u001b[39m\n  \u001b[33maria-expanded\u001b[39m=\u001b[32m\"false\"\u001b[39m\n  \u001b[33maria-haspopup\u001b[39m=\u001b[32m\"menu\"\u001b[39m\n  \u001b[33maria-label\u001b[39m=\u001b[32m\"User menu\"\u001b[39m\n  \u001b[33mclass\u001b[39m=\u001b[32m\"user-btn expanded \"\u001b[39m\n  \u001b[33mtype\u001b[39m=\u001b[32m\"button\"\u001b[39m\n\u001b[36m>\u001b[39m\n  \u001b[36m<div\u001b[39m\n    \u001b[33maria-hidden\u001b[39m=\u001b[32m\"true\"\u001b[39m\n    \u001b[33mclass\u001b[39m=\u001b[32m\"user-avatar\"\u001b[39m\n    \u001b[33mdata-testid\u001b[39m=\u001b[32m\"user-button-avatar\"\u001b[39m\n  \u001b[36m>\u001b[39m\n    \u001b[36m<span>\u001b[39m\n      \u001b[0mTU\u001b[0m\n    \u001b[36m</span>\u001b[39m\n  \u001b[36m</div>\u001b[39m\n  \u001b[36m<div\u001b[39m\n    \u001b[33mclass\u001b[39m=\u001b[32m\"user-info\"\u001b[39m\n  \u001b[36m>\u001b[39m\n    \u001b[36m<span\u001b[39m\n      \u001b[33mclass\u001b[39m=\u001b[32m\"user-name\"\u001b[39m\n    \u001b[36m>\u001b[39m\n      \u001b[0mTest User\u001b[0m\n    \u001b[36m</span>\u001b[39m\n    \u001b[36m<span\u001b[39m\n      \u001b[33mclass\u001b[39m=\u001b[32m\"user-email\"\u001b[39m\n    \u001b[36m>\u001b[39m\n      \u001b[0mtest@example.com\u001b[0m\n    \u001b[36m</span>\u001b[39m\n  \u001b[36m</div>\u001b[39m\n  \u001b[36m<svg\u001b[39m\n    \u001b[33mclass\u001b[39m=\u001b[32m\"user-chevron\"\u001b[39m\n    \u001b[33mfill\u001b[39m=\u001b[32m\"none\"\u001b[39m\n    \u001b[33mstroke\u001b[39m=\u001b[32m\"currentColor\"\u001b[39m\n    \u001b[33mstroke-linecap\u001b[39m=\u001b[32m\"round\"\u001b[39m\n    \u001b[33mstroke-linejoin\u001b[39m=\u001b[32m\"round\"\u001b[39m\n    \u001b[33mstroke-width\u001b[39m=\u001b[32m\"2\"\u001b[39m\n    \u001b[33mstyle\u001b[39m=\u001b[32m\"transform: none; transition: transform 0.2s ease;\"\u001b[39m\n    \u001b[33mviewBox\u001b[39m=\u001b[32m\"0 0 24 24\"\u001b[39m\n  \u001b[36m>\u001b[39m\n    \u001b[36m<polyline\u001b[39m\n      \u001b[33mpoints\u001b[39m=\u001b[32m\"9 18 15 12 9 6\"\u001b[39m\n    \u001b[36m/>\u001b[39m\n  \u001b[36m</svg>\u001b[39m\n\u001b[36m</button>\u001b[39m\n\nIgnored nodes: comments, script, style\n\u001b[36m<button\u001b[39m\n  \u001b[33maria-expanded\u001b[39m=\u001b[32m\"false\"\u001b[39m\n  \u001b[33maria-haspopup\u001b[39m=\u001b[32m\"menu\"\u001b[39m\n  \u001b[33maria-label\u001b[39m=\u001b[32m\"User menu\"\u001b[39m\n  \u001b[33mclass\u001b[39m=\u001b[32m\"user-btn expanded \"\u001b[39m\n  \u001b[33mtype\u001b[39m=\u001b[32m\"button\"\u001b[39m\n\u001b[36m>\u001b[39m\n  \u001b[36m<div\u001b[39m\n    \u001b[33maria-hidden\u001b[39m=\u001b[32m\"true\"\u001b[39m\n    \u001b[33mclass\u001b[39m=\u001b[32m\"user-avatar\"\u001b[39m\n    \u001b[33mdata-testid\u001b[39m=\u001b[32m\"user-button-avatar\"\u001b[39m\n  \u001b[36m>\u001b[39m\n    \u001b[36m<span>\u001b[39m\n      \u001b[0mTU\u001b[0m\n    \u001b[36m</span>\u001b[39m\n  \u001b[36m</div>\u001b[39m\n  \u001b[36m<div\u001b[39m\n    \u001b[33mclass\u001b[39m=\u001b[32m\"user-info\"\u001b[39m\n  \u001b[36m>\u001b[39m\n    \u001b[36m<span\u001b[39m\n      \u001b[33mclass\u001b[39m=\u001b[32m\"user-name\"\u001b[39m\n    \u001b[36m>\u001b[39m\n      \u001b[0mTest User\u001b[0m\n    \u001b[36m</span>\u001b[39m\n    \u001b[36m<span\u001b[39m\n      \u001b[33mclass\u001b[39m=\u001b[32m\"user-email\"\u001b[39m\n    \u001b[36m>\u001b[39m\n      \u001b[0mtest@example.com\u001b[0m\n    \u001b[36m</span>\u001b[39m\n  \u001b[36m</div>\u001b[39m\n  \u001b[36m<svg\u001b[39m\n    \u001b[33mclass\u001b[39m=\u001b[32m\"user-chevron\"\u001b[39m\n    \u001b[33mfill\u001b[39m=\u001b[32m\"none\"\u001b[39m\n    \u001b[33mstroke\u001b[39m=\u001b[32m\"currentColor\"\u001b[39m\n    \u001b[33mstroke-linecap\u001b[39m=\u001b[32m\"round\"\u001b[39m\n    \u001b[33mstroke-linejoin\u001b[39m=\u001b[32m\"round\"\u001b[39m\n    \u001b[33mstroke-width\u001b[39m=\u001b[32m\"2\"\u001b[39m\n    \u001b[33mstyle\u001b[39m=\u001b[32m\"transform: none; transition: transform 0.2s ease;\"\u001b[39m\n    \u001b[33mviewBox\u001b[39m=\u001b[32m\"0 0 24 24\"\u001b[39m\n  \u001b[36m>\u001b[39m\n    \u001b[36m<polyline\u001b[39m\n      \u001b[33mpoints\u001b[39m=\u001b[32m\"9 18 15 12 9 6\"\u001b[39m\n    \u001b[36m/>\u001b[39m\n  \u001b[36m</svg>\u001b[39m\n\u001b[36m</button>\u001b[39m\n\n(If this is intentional, then use the `*AllBy*` variant of the query (like `queryAllByText`, `getAllByText`, or `findAllByText`)).\n\nIgnored nodes: comments, script, style\n\u001b[36m<body>\u001b[39m\n  \u001b[36m<div>\u001b[39m\n    \u001b[36m<div\u001b[39m\n      \u001b[33mclass\u001b[39m=\u001b[32m\"user-btn-wrapper relative\"\u001b[39m\n    \u001b[36m>\u001b[39m\n      \u001b[36m<button\u001b[39m\n        \u001b[33maria-expanded\u001b[39m=\u001b[32m\"true\"\u001b[39m\n        \u001b[33maria-haspopup\u001b[39m=\u001b[32m\"menu\"\u001b[39m\n        \u001b[33maria-label\u001b[39m=\u001b[32m\"User menu\"\u001b[39m\n        \u001b[33mclass\u001b[39m=\u001b[32m\"user-btn expanded active\"\u001b[39m\n        \u001b[33mtype\u001b[39m=\u001b[32m\"button\"\u001b[39m\n      \u001b[36m>\u001b[39m\n        \u001b[36m<div\u001b[39m\n          \u001b[33maria-hidden\u001b[39m=\u001b[32m\"true\"\u001b[39m\n          \u001b[33mclass\u001b[39m=\u001b[32m\"user-avatar\"\u001b[39m\n          \u001b[33mdata-testid\u001b[39m=\u001b[32m\"user-button-avatar\"\u001b[39m\n        \u001b[36m>\u001b[39m\n          \u001b[36m<span>\u001b[39m\n            \u001b[0mTU\u001b[0m\n          \u001b[36m</span>\u001b[39m\n        \u001b[36m</div>\u001b[39m\n        \u001b[36m<div\u001b[39m\n          \u001b[33mclass\u001b[39m=\u001b[32m\"user-info\"\u001b[39m\n        \u001b[36m>\u001b[39m\n          \u001b[36m<span\u001b[39m\n            \u001b[33mclass\u001b[39m=\u001b[32m\"user-name\"\u001b[39m\n          \u001b[36m>\u001b[39m\n            \u001b[0mTest User\u001b[0m\n          \u001b[36m</span>\u001b[39m\n          \u001b[36m<span\u001b[39m\n            \u001b[33mclass\u001b[39m=\u001b[32m\"user-email\"\u001b[39m\n          \u001b[36m>\u001b[39m\n            \u001b[0mtest@example.com\u001b[0m\n          \u001b[36m</span>\u001b[39m\n        \u001b[36m</div>\u001b[39m\n        \u001b[36m<svg\u001b[39m\n          \u001b[33mclass\u001b[39m=\u001b[32m\"user-chevron\"\u001b[39m\n          \u001b[33mfill\u001b[39m=\u001b[32m\"none\"\u001b[39m\n          \u001b[33mstroke\u001b[39m=\u001b[32m\"currentColor\"\u001b[39m\n          \u001b[33mstroke-linecap\u001b[39m=\u001b[32m\"round\"\u001b[39m\n          \u001b[33mstroke-linejoin\u001b[39m=\u001b[32m\"round\"\u001b[39m\n          \u001b[33mstroke-width\u001b[39m=\u001b[32m\"2\"\u001b[39m\n          \u001b[33mstyle\u001b[39m=\u001b[32m\"transform: rotate(180deg); transition: transform 0.2s ease;\"\u001b[39m\n          \u001b[33mviewBox\u001b[39m=\u001b[32m\"0 0 24 24\"\u001b[39m\n        \u001b[36m>\u001b[39m\n          \u001b[36m<polyline\u001b[39m\n            \u001b[33mpoints\u001b[39m=\u001b[32m\"9 18 15 12 9 6\"\u001b[39m\n          \u001b[36m/>\u001b[39m\n        \u001b[36m</svg>\u001b[39m\n      \u001b[36m</button>\u001b[39m\n      \u001b[36m<div\u001b[39m\n        \u001b[33maria-label\u001b[39m=\u001b[32m\"User actions\"\u001b[39m\n        \u001b[33mclass\u001b[39m=\u001b[32m\"user-menu-wrapper\"\u001b[39m\n        \u001b[33mrole\u001b[39m=\u001b[32m\"menu\"\u001b[39m\n      \u001b[36m>\u001b[39m\n        \u001b[36m<button\u001b[39m\n          \u001b[33mclass\u001b[39m=\u001b[32m\"user-menu-item stubbed\"\u001b[39m\n          \u001b[33mrole\u001b[39m=\u001b[32m\"menuitem\"\u001b[39m\n        \u001b[36m>\u001b[39m\n          \u001b[36m<svg\u001b[39m\n            \u001b[33maria-hidden\u001b[39m=\u001b[32m\"true\"\u001b[39m\n            \u001b[33mclass\u001b[39m=\u001b[32m\"lucide lucide-user user-menu-item-icon\"\u001b[39m\n            \u001b[33mfill\u001b[39m=\u001b[32m\"none\"\u001b[39m\n            \u001b[33mheight\u001b[39m=\u001b[32m\"24\"\u001b[39m\n            \u001b[33mstroke\u001b[39m=\u001b[32m\"currentColor\"\u001b[39m\n            \u001b[33mstroke-linecap\u001b[39m=\u001b[32m\"round\"\u001b[39m\n            \u001b[33mstroke-linejoin\u001b[39m=\u001b[32m\"round\"\u001b[39m\n            \u001b[33mstroke-width\u001b[39m=\u001b[32m\"2\"\u001b[39m\n            \u001b[33mviewBox\u001b[39m=\u001b[32m\"0 0 24 24\"\u001b[39m\n            \u001b[33mwidth\u001b[39m=\u001b[32m\"24\"\u001b[39m\n            \u001b[33mxmlns\u001b[39m=\u001b[32m\"http://www.w3.org/2000/svg\"\u001b[39m\n          \u001b[36m>\u001b[39m\n            \u001b[36m<path\u001b[39m\n              \u001b[33md\u001b[39m=\u001b[32m\"M19 21v-2a4 4 0 0 0-4-4H9a4 4 0 0 0-4 4v2\"\u001b[39m\n            \u001b[36m/>\u001b[39m\n            \u001b[36m<circle\u001b[39m\n              \u001b[33mcx\u001b[39m=\u001b[32m\"12\"\u001b[39m\n              \u001b[33mcy\u001b[39m=\u001b[32m\"7\"\u001b[39m\n              \u001b[33mr\u001b[39m=\u001b[32m\"4\"\u001b[39m\n            \u001b[36m/>\u001b[39m\n          \u001b[36m</svg>\u001b[39m\n          \u001b[36m<span>\u001b[39m\n            \u001b[0mAccount\u001b[0m\n          \u001b[36m</span>\u001b[39m\n        \u001b[36m</button>\u001b[39m\n        \u001b[36m<button\u001b[39m\n          \u001b[33mclass\u001b[39m=\u001b[32m\"user-menu-item stubbed\"\u001b[39m\n          \u001b[33mrole\u001b[39m=\u001b[32m\"menuitem\"\u001b[39m\n        \u001b[36m>\u001b[39m\n          \u001b[36m<svg\u001b[39m\n            \u001b[33maria-hidden\u001b[39m=\u001b[32m\"true\"\u001b[39m\n            \u001b[33mclass\u001b[39m=\u001b[32m\"lucide lucide-settings user-menu-item-icon\"\u001b[39m\n            \u001b[33mfill\u001b[39m=\u001b[32m\"none\"\u001b[39m\n            \u001b[33mheight\u001b[39m=\u001b[32m\"24\"\u001b[39m\n            \u001b[33mstroke\u001b[39m=\u001b[32m\"currentColor\"\u001b[39m\n            \u001b[33mstroke-linecap\u001b[39m=\u001b[32m\"round\"\u001b[39m\n            \u001b[33mstroke-linejoin\u001b[39m=\u001b[32m\"round\"\u001b[39m\n            \u001b[33mstroke-width\u001b[39m=\u001b[32m\"2\"\u001b[39m\n            \u001b[33mviewBox\u001b[39m=\u001b[32m\"0 0 24 24\"\u001b[39m\n            \u001b[33mwidth\u001b[39m=\u001b[32m\"24\"\u001b[39m\n            \u001b[33mxmlns\u001b[39m=\u001b[32m\"http://www.w3.org/2000/svg\"\u001b[39m\n          \u001b[36m>\u001b[39m\n            \u001b[36m<path\u001b[39m\n              \u001b[33md\u001b[39m=\u001b[32m\"M9.671 4.136a2.34 2.34 0 0 1 4.659 0 2.34 2.34 0 0 0 3.319 1.915 2.34 2.34 0 0 1 2.33 4.033 2.34 2.34 0 0 0 0 3.831 2.34 2.34 0 0 1-2.33 4.033 2.34 2.34 0 0 0-3.319 1.915 2.34 2.34 0 0 1-4.659 0 2.34 2.34 0 0 0-3.32-1.915 2.34 2.34 0 0 1-2.33-4.033 2.34 2.34 0 0 0 0-3.831A2.34 2.34 0 0 1 6.35 6.051a2.34 2.34 0 0 0 3.319-1.915\"\u001b[39m\n            \u001b[36m/>\u001b[39m\n            \u001b[36m<circle\u001b[39m\n              \u001b[33mcx\u001b[39m=\u001b[32m\"12\"\u001b[39m\n              \u001b[33mcy\u001b[39m=\u001b[32m\"12\"\u001b[39m\n              \u001b[33mr\u001b[39m=\u001b[32m\"3\"\u001b[39m\n            \u001b[36m/>\u001b[39m\n          \u001b[36m</svg>\u001b[39m\n          \u001b[36m<span>\u001b[39m\n            \u001b[0mPreferences\u001b[0m\n          \u001b[36m</span>\u001b[39m\n        \u001b[36m</button>\u001b[39m\n        \u001b[36m<button\u001b[39m\n          \u001b[33mclass\u001b[39m=\u001b[32m\"user-menu-item stubbed\"\u001b[39m\n          \u001b[33mrole\u001b[39m=\u001b[32m\"menuitem\"\u001b[39m\n        \u001b[36m>\u001b[39m\n          \u001b[36m<svg\u001b[39m\n            \u001b[33maria-hidden\u001b[39m=\u001b[32m\"true\"\u001b[39m\n            \u001b[33mclass\u001b[39m=\u001b[32m\"lucide lucide-keyboard user-menu-item-icon\"\u001b[39m\n            \u001b[33mfill\u001b[39m=\u001b[32m\"none\"\u001b[39m\n            \u001b[33mheight\u001b[39m=\u001b[32m\"24\"\u001b[39m\n            \u001b[33mstroke\u001b[39m=\u001b[32m\"currentColor\"\u001b[39m\n            \u001b[33mstroke-linecap\u001b[39m=\u001b[32m\"round\"\u001b[39m\n            \u001b[33mstroke-linejoin\u001b[39m=\u001b[32m\"round\"\u001b[39m\n            \u001b[33mstroke-width\u001b[39m=\u001b[32m\"2\"\u001b[39m\n            \u001b[33mviewBox\u001b[39m=\u001b[32m\"0 0 24 24\"\u001b[39m\n            \u001b[33mwidth\u001b[39m=\u001b[32m\"24\"\u001b[39m\n            \u001b[33mxmlns\u001b[39m=\u001b[32m\"http://www.w3.org/2000/svg\"\u001b[39m\n          \u001b[36m>\u001b[39m\n            \u001b[36m<path\u001b[39m\n              \u001b[33md\u001b[39m=\u001b[32m\"M10 8h.01\"\u001b[39m\n            \u001b[36m/>\u001b[39m\n            \u001b[36m<path\u001b[39m\n              \u001b[33md\u001b[39m=\u001b[32m\"M12 12h.01\"\u001b[39m\n            \u001b[36m/>\u001b[39m\n            \u001b[36m<path\u001b[39m\n              \u001b[33md\u001b[39m=\u001b[32m\"M14 8h.01\"\u001b[39m\n            \u001b[36m/>\u001b[39m\n            \u001b[36m<path\u001b[39m\n              \u001b[33md\u001b[39m=\u001b[32m\"M16 12h.01\"\u001b[39m\n            \u001b[36m/>\u001b[39m\n            \u001b[36m<path\u001b[39m\n              \u001b[33md\u001b[39m=\u001b[32m\"M18 8h.01\"\u001b[39m\n            \u001b[36m/>\u001b[39m\n            \u001b[36m<path\u001b[39m\n              \u001b[33md\u001b[39m=\u001b[32m\"M6 8h.01\"\u001b[39m\n            \u001b[36m/>\u001b[39m\n            \u001b[36m<path\u001b[39m\n              \u001b[33md\u001b[39m=\u001b[32m\"M7 16h10\"\u001b[39m\n            \u001b[36m/>\u001b[39m\n            \u001b[36m<path\u001b[39m\n              \u001b[33md\u001b[39m=\u001b[32m\"M8 12h.01\"\u001b[39m\n            \u001b[36m/>\u001b[39m\n            \u001b[36m<rect\u001b[39m\n              \u001b[33mheight\u001b[39m=\u001b[32m\"16\"\u001b[39m\n              \u001b[33mrx\u001b[39m=\u001b[32m\"2\"\u001b[39m\n              \u001b[33mwidth\u001b[39m=\u001b[32m\"20\"\u001b[39m\n              \u001b[33mx\u001b[39m=\u001b[32m\"2\"\u001b[39m\n              \u001b[33my\u001b[39m=\u001b[32m\"4\"\u001b[39m\n            \u001b[36m/>\u001b[39m\n          \u001b[36m</svg>\u001b[39m\n          \u001b[36m<span>\u001b[39m\n            \u001b[0mShortcuts\u001b[0m\n          \u001b[36m</span>\u001b[39m\n        \u001b[36m</button>\u001b[39m\n        \u001b[36m<button\u001b[39m\n          \u001b[33mclass\u001b[39m=\u001b[32m\"user-menu-item stubbed\"\u001b[39m\n          \u001b[33mrole\u001b[39m=\u001b[32m\"menuitem\"\u001b[39m\n        \u001b[36m>\u001b[39m\n          \u001b[36m<svg\u001b[39m\n            \u001b[33maria-hid...\n    at Object.getElementError (C:\\Users\\PB-Abhay\\Desktop\\Work\\Personal\\Personal projects\\Chota Packet\\frontend\\node_modules\\@testing-library\\dom\\dist\\config.js:37:19)\n    at getElementError (C:\\Users\\PB-Abhay\\Desktop\\Work\\Personal\\Personal projects\\Chota Packet\\frontend\\node_modules\\@testing-library\\dom\\dist\\query-helpers.js:20:35)\n    at getMultipleElementsFoundError (C:\\Users\\PB-Abhay\\Desktop\\Work\\Personal\\Personal projects\\Chota Packet\\frontend\\node_modules\\@testing-library\\dom\\dist\\query-helpers.js:23:10)\n    at C:\\Users\\PB-Abhay\\Desktop\\Work\\Personal\\Personal projects\\Chota Packet\\frontend\\node_modules\\@testing-library\\dom\\dist\\query-helpers.js:55:13\n    at C:\\Users\\PB-Abhay\\Desktop\\Work\\Personal\\Personal projects\\Chota Packet\\frontend\\node_modules\\@testing-library\\dom\\dist\\query-helpers.js:95:19\n    at openMenu (C:/Users/PB-Abhay/Desktop/Work/Personal/Personal projects/Chota Packet/frontend/src/components/layout/Sidebar/UserMenu.test.jsx:33:24)\n    at C:/Users/PB-Abhay/Desktop/Work/Personal/Personal projects/Chota Packet/frontend/src/components/layout/Sidebar/UserMenu.test.jsx:58:5\n    at file:///C:/Users/PB-Abhay/Desktop/Work/Personal/Personal%20projects/Chota%20Packet/frontend/node_modules/@vitest/runner/dist/chunk-artifact.js:302:11\n    at file:///C:/Users/PB-Abhay/Desktop/Work/Personal/Personal%20projects/Chota%20Packet/frontend/node_modules/@vitest/runner/dist/chunk-artifact.js:1893:26\n    at file:///C:/Users/PB-Abhay/Desktop/Work/Personal/Personal%20projects/Chota%20Packet/frontend/node_modules/@vitest/runner/dist/chunk-artifact.js:2316:20"],"meta":{},"tags":[]},{"ancestorTitles":["UserMenu"],"fullName":"UserMenu Clicking each stub item triggers a toast","status":"failed","title":"Clicking each stub item triggers a toast","duration":15.514400000000023,"failureMessages":["TestingLibraryElementError: Found multiple elements with the role \"button\" and name `/user menu/i`\n\nHere are the matching elements:\n\nIgnored nodes: comments, script, style\n\u001b[36m<button\u001b[39m\n  \u001b[33maria-expanded\u001b[39m=\u001b[32m\"true\"\u001b[39m\n  \u001b[33maria-haspopup\u001b[39m=\u001b[32m\"menu\"\u001b[39m\n  \u001b[33maria-label\u001b[39m=\u001b[32m\"User menu\"\u001b[39m\n  \u001b[33mclass\u001b[39m=\u001b[32m\"user-btn expanded active\"\u001b[39m\n  \u001b[33mtype\u001b[39m=\u001b[32m\"button\"\u001b[39m\n\u001b[36m>\u001b[39m\n  \u001b[36m<div\u001b[39m\n    \u001b[33maria-hidden\u001b[39m=\u001b[32m\"true\"\u001b[39m\n    \u001b[33mclass\u001b[39m=\u001b[32m\"user-avatar\"\u001b[39m\n    \u001b[33mdata-testid\u001b[39m=\u001b[32m\"user-button-avatar\"\u001b[39m\n  \u001b[36m>\u001b[39m\n    \u001b[36m<span>\u001b[39m\n      \u001b[0mTU\u001b[0m\n    \u001b[36m</span>\u001b[39m\n  \u001b[36m</div>\u001b[39m\n  \u001b[36m<div\u001b[39m\n    \u001b[33mclass\u001b[39m=\u001b[32m\"user-info\"\u001b[39m\n  \u001b[36m>\u001b[39m\n    \u001b[36m<span\u001b[39m\n      \u001b[33mclass\u001b[39m=\u001b[32m\"user-name\"\u001b[39m\n    \u001b[36m>\u001b[39m\n      \u001b[0mTest User\u001b[0m\n    \u001b[36m</span>\u001b[39m\n    \u001b[36m<span\u001b[39m\n      \u001b[33mclass\u001b[39m=\u001b[32m\"user-email\"\u001b[39m\n    \u001b[36m>\u001b[39m\n      \u001b[0mtest@example.com\u001b[0m\n    \u001b[36m</span>\u001b[39m\n  \u001b[36m</div>\u001b[39m\n  \u001b[36m<svg\u001b[39m\n    \u001b[33mclass\u001b[39m=\u001b[32m\"user-chevron\"\u001b[39m\n    \u001b[33mfill\u001b[39m=\u001b[32m\"none\"\u001b[39m\n    \u001b[33mstroke\u001b[39m=\u001b[32m\"currentColor\"\u001b[39m\n    \u001b[33mstroke-linecap\u001b[39m=\u001b[32m\"round\"\u001b[39m\n    \u001b[33mstroke-linejoin\u001b[39m=\u001b[32m\"round\"\u001b[39m\n    \u001b[33mstroke-width\u001b[39m=\u001b[32m\"2\"\u001b[39m\n    \u001b[33mstyle\u001b[39m=\u001b[32m\"transform: rotate(180deg); transition: transform 0.2s ease;\"\u001b[39m\n    \u001b[33mviewBox\u001b[39m=\u001b[32m\"0 0 24 24\"\u001b[39m\n  \u001b[36m>\u001b[39m\n    \u001b[36m<polyline\u001b[39m\n      \u001b[33mpoints\u001b[39m=\u001b[32m\"9 18 15 12 9 6\"\u001b[39m\n    \u001b[36m/>\u001b[39m\n  \u001b[36m</svg>\u001b[39m\n\u001b[36m</button>\u001b[39m\n\nIgnored nodes: comments, script, style\n\u001b[36m<button\u001b[39m\n  \u001b[33maria-expanded\u001b[39m=\u001b[32m\"false\"\u001b[39m\n  \u001b[33maria-haspopup\u001b[39m=\u001b[32m\"menu\"\u001b[39m\n  \u001b[33maria-label\u001b[39m=\u001b[32m\"User menu\"\u001b[39m\n  \u001b[33mclass\u001b[39m=\u001b[32m\"user-btn expanded \"\u001b[39m\n  \u001b[33mtype\u001b[39m=\u001b[32m\"button\"\u001b[39m\n\u001b[36m>\u001b[39m\n  \u001b[36m<div\u001b[39m\n    \u001b[33maria-hidden\u001b[39m=\u001b[32m\"true\"\u001b[39m\n    \u001b[33mclass\u001b[39m=\u001b[32m\"user-avatar\"\u001b[39m\n    \u001b[33mdata-testid\u001b[39m=\u001b[32m\"user-button-avatar\"\u001b[39m\n  \u001b[36m>\u001b[39m\n    \u001b[36m<span>\u001b[39m\n      \u001b[0mTU\u001b[0m\n    \u001b[36m</span>\u001b[39m\n  \u001b[36m</div>\u001b[39m\n  \u001b[36m<div\u001b[39m\n    \u001b[33mclass\u001b[39m=\u001b[32m\"user-info\"\u001b[39m\n  \u001b[36m>\u001b[39m\n    \u001b[36m<span\u001b[39m\n      \u001b[33mclass\u001b[39m=\u001b[32m\"user-name\"\u001b[39m\n    \u001b[36m>\u001b[39m\n      \u001b[0mTest User\u001b[0m\n    \u001b[36m</span>\u001b[39m\n    \u001b[36m<span\u001b[39m\n      \u001b[33mclass\u001b[39m=\u001b[32m\"user-email\"\u001b[39m\n    \u001b[36m>\u001b[39m\n      \u001b[0mtest@example.com\u001b[0m\n    \u001b[36m</span>\u001b[39m\n  \u001b[36m</div>\u001b[39m\n  \u001b[36m<svg\u001b[39m\n    \u001b[33mclass\u001b[39m=\u001b[32m\"user-chevron\"\u001b[39m\n    \u001b[33mfill\u001b[39m=\u001b[32m\"none\"\u001b[39m\n    \u001b[33mstroke\u001b[39m=\u001b[32m\"currentColor\"\u001b[39m\n    \u001b[33mstroke-linecap\u001b[39m=\u001b[32m\"round\"\u001b[39m\n    \u001b[33mstroke-linejoin\u001b[39m=\u001b[32m\"round\"\u001b[39m\n    \u001b[33mstroke-width\u001b[39m=\u001b[32m\"2\"\u001b[39m\n    \u001b[33mstyle\u001b[39m=\u001b[32m\"transform: none; transition: transform 0.2s ease;\"\u001b[39m\n    \u001b[33mviewBox\u001b[39m=\u001b[32m\"0 0 24 24\"\u001b[39m\n  \u001b[36m>\u001b[39m\n    \u001b[36m<polyline\u001b[39m\n      \u001b[33mpoints\u001b[39m=\u001b[32m\"9 18 15 12 9 6\"\u001b[39m\n    \u001b[36m/>\u001b[39m\n  \u001b[36m</svg>\u001b[39m\n\u001b[36m</button>\u001b[39m\n\nIgnored nodes: comments, script, style\n\u001b[36m<button\u001b[39m\n  \u001b[33maria-expanded\u001b[39m=\u001b[32m\"false\"\u001b[39m\n  \u001b[33maria-haspopup\u001b[39m=\u001b[32m\"menu\"\u001b[39m\n  \u001b[33maria-label\u001b[39m=\u001b[32m\"User menu\"\u001b[39m\n  \u001b[33mclass\u001b[39m=\u001b[32m\"user-btn expanded \"\u001b[39m\n  \u001b[33mtype\u001b[39m=\u001b[32m\"button\"\u001b[39m\n\u001b[36m>\u001b[39m\n  \u001b[36m<div\u001b[39m\n    \u001b[33maria-hidden\u001b[39m=\u001b[32m\"true\"\u001b[39m\n    \u001b[33mclass\u001b[39m=\u001b[32m\"user-avatar\"\u001b[39m\n    \u001b[33mdata-testid\u001b[39m=\u001b[32m\"user-button-avatar\"\u001b[39m\n  \u001b[36m>\u001b[39m\n    \u001b[36m<span>\u001b[39m\n      \u001b[0mTU\u001b[0m\n    \u001b[36m</span>\u001b[39m\n  \u001b[36m</div>\u001b[39m\n  \u001b[36m<div\u001b[39m\n    \u001b[33mclass\u001b[39m=\u001b[32m\"user-info\"\u001b[39m\n  \u001b[36m>\u001b[39m\n    \u001b[36m<span\u001b[39m\n      \u001b[33mclass\u001b[39m=\u001b[32m\"user-name\"\u001b[39m\n    \u001b[36m>\u001b[39m\n      \u001b[0mTest User\u001b[0m\n    \u001b[36m</span>\u001b[39m\n    \u001b[36m<span\u001b[39m\n      \u001b[33mclass\u001b[39m=\u001b[32m\"user-email\"\u001b[39m\n    \u001b[36m>\u001b[39m\n      \u001b[0mtest@example.com\u001b[0m\n    \u001b[36m</span>\u001b[39m\n  \u001b[36m</div>\u001b[39m\n  \u001b[36m<svg\u001b[39m\n    \u001b[33mclass\u001b[39m=\u001b[32m\"user-chevron\"\u001b[39m\n    \u001b[33mfill\u001b[39m=\u001b[32m\"none\"\u001b[39m\n    \u001b[33mstroke\u001b[39m=\u001b[32m\"currentColor\"\u001b[39m\n    \u001b[33mstroke-linecap\u001b[39m=\u001b[32m\"round\"\u001b[39m\n    \u001b[33mstroke-linejoin\u001b[39m=\u001b[32m\"round\"\u001b[39m\n    \u001b[33mstroke-width\u001b[39m=\u001b[32m\"2\"\u001b[39m\n    \u001b[33mstyle\u001b[39m=\u001b[32m\"transform: none; transition: transform 0.2s ease;\"\u001b[39m\n    \u001b[33mviewBox\u001b[39m=\u001b[32m\"0 0 24 24\"\u001b[39m\n  \u001b[36m>\u001b[39m\n    \u001b[36m<polyline\u001b[39m\n      \u001b[33mpoints\u001b[39m=\u001b[32m\"9 18 15 12 9 6\"\u001b[39m\n    \u001b[36m/>\u001b[39m\n  \u001b[36m</svg>\u001b[39m\n\u001b[36m</button>\u001b[39m\n\nIgnored nodes: comments, script, style\n\u001b[36m<button\u001b[39m\n  \u001b[33maria-expanded\u001b[39m=\u001b[32m\"false\"\u001b[39m\n  \u001b[33maria-haspopup\u001b[39m=\u001b[32m\"menu\"\u001b[39m\n  \u001b[33maria-label\u001b[39m=\u001b[32m\"User menu\"\u001b[39m\n  \u001b[33mclass\u001b[39m=\u001b[32m\"user-btn expanded \"\u001b[39m\n  \u001b[33mtype\u001b[39m=\u001b[32m\"button\"\u001b[39m\n\u001b[36m>\u001b[39m\n  \u001b[36m<div\u001b[39m\n    \u001b[33maria-hidden\u001b[39m=\u001b[32m\"true\"\u001b[39m\n    \u001b[33mclass\u001b[39m=\u001b[32m\"user-avatar\"\u001b[39m\n    \u001b[33mdata-testid\u001b[39m=\u001b[32m\"user-button-avatar\"\u001b[39m\n  \u001b[36m>\u001b[39m\n    \u001b[36m<span>\u001b[39m\n      \u001b[0mTU\u001b[0m\n    \u001b[36m</span>\u001b[39m\n  \u001b[36m</div>\u001b[39m\n  \u001b[36m<div\u001b[39m\n    \u001b[33mclass\u001b[39m=\u001b[32m\"user-info\"\u001b[39m\n  \u001b[36m>\u001b[39m\n    \u001b[36m<span\u001b[39m\n      \u001b[33mclass\u001b[39m=\u001b[32m\"user-name\"\u001b[39m\n    \u001b[36m>\u001b[39m\n      \u001b[0mTest User\u001b[0m\n    \u001b[36m</span>\u001b[39m\n    \u001b[36m<span\u001b[39m\n      \u001b[33mclass\u001b[39m=\u001b[32m\"user-email\"\u001b[39m\n    \u001b[36m>\u001b[39m\n      \u001b[0mtest@example.com\u001b[0m\n    \u001b[36m</span>\u001b[39m\n  \u001b[36m</div>\u001b[39m\n  \u001b[36m<svg\u001b[39m\n    \u001b[33mclass\u001b[39m=\u001b[32m\"user-chevron\"\u001b[39m\n    \u001b[33mfill\u001b[39m=\u001b[32m\"none\"\u001b[39m\n    \u001b[33mstroke\u001b[39m=\u001b[32m\"currentColor\"\u001b[39m\n    \u001b[33mstroke-linecap\u001b[39m=\u001b[32m\"round\"\u001b[39m\n    \u001b[33mstroke-linejoin\u001b[39m=\u001b[32m\"round\"\u001b[39m\n    \u001b[33mstroke-width\u001b[39m=\u001b[32m\"2\"\u001b[39m\n    \u001b[33mstyle\u001b[39m=\u001b[32m\"transform: none; transition: transform 0.2s ease;\"\u001b[39m\n    \u001b[33mviewBox\u001b[39m=\u001b[32m\"0 0 24 24\"\u001b[39m\n  \u001b[36m>\u001b[39m\n    \u001b[36m<polyline\u001b[39m\n      \u001b[33mpoints\u001b[39m=\u001b[32m\"9 18 15 12 9 6\"\u001b[39m\n    \u001b[36m/>\u001b[39m\n  \u001b[36m</svg>\u001b[39m\n\u001b[36m</button>\u001b[39m\n\n(If this is intentional, then use the `*AllBy*` variant of the query (like `queryAllByText`, `getAllByText`, or `findAllByText`)).\n\nIgnored nodes: comments, script, style\n\u001b[36m<body>\u001b[39m\n  \u001b[36m<div>\u001b[39m\n    \u001b[36m<div\u001b[39m\n      \u001b[33mclass\u001b[39m=\u001b[32m\"user-btn-wrapper relative\"\u001b[39m\n    \u001b[36m>\u001b[39m\n      \u001b[36m<button\u001b[39m\n        \u001b[33maria-expanded\u001b[39m=\u001b[32m\"true\"\u001b[39m\n        \u001b[33maria-haspopup\u001b[39m=\u001b[32m\"menu\"\u001b[39m\n        \u001b[33maria-label\u001b[39m=\u001b[32m\"User menu\"\u001b[39m\n        \u001b[33mclass\u001b[39m=\u001b[32m\"user-btn expanded active\"\u001b[39m\n        \u001b[33mtype\u001b[39m=\u001b[32m\"button\"\u001b[39m\n      \u001b[36m>\u001b[39m\n        \u001b[36m<div\u001b[39m\n          \u001b[33maria-hidden\u001b[39m=\u001b[32m\"true\"\u001b[39m\n          \u001b[33mclass\u001b[39m=\u001b[32m\"user-avatar\"\u001b[39m\n          \u001b[33mdata-testid\u001b[39m=\u001b[32m\"user-button-avatar\"\u001b[39m\n        \u001b[36m>\u001b[39m\n          \u001b[36m<span>\u001b[39m\n            \u001b[0mTU\u001b[0m\n          \u001b[36m</span>\u001b[39m\n        \u001b[36m</div>\u001b[39m\n        \u001b[36m<div\u001b[39m\n          \u001b[33mclass\u001b[39m=\u001b[32m\"user-info\"\u001b[39m\n        \u001b[36m>\u001b[39m\n          \u001b[36m<span\u001b[39m\n            \u001b[33mclass\u001b[39m=\u001b[32m\"user-name\"\u001b[39m\n          \u001b[36m>\u001b[39m\n            \u001b[0mTest User\u001b[0m\n          \u001b[36m</span>\u001b[39m\n          \u001b[36m<span\u001b[39m\n            \u001b[33mclass\u001b[39m=\u001b[32m\"user-email\"\u001b[39m\n          \u001b[36m>\u001b[39m\n            \u001b[0mtest@example.com\u001b[0m\n          \u001b[36m</span>\u001b[39m\n        \u001b[36m</div>\u001b[39m\n        \u001b[36m<svg\u001b[39m\n          \u001b[33mclass\u001b[39m=\u001b[32m\"user-chevron\"\u001b[39m\n          \u001b[33mfill\u001b[39m=\u001b[32m\"none\"\u001b[39m\n          \u001b[33mstroke\u001b[39m=\u001b[32m\"currentColor\"\u001b[39m\n          \u001b[33mstroke-linecap\u001b[39m=\u001b[32m\"round\"\u001b[39m\n          \u001b[33mstroke-linejoin\u001b[39m=\u001b[32m\"round\"\u001b[39m\n          \u001b[33mstroke-width\u001b[39m=\u001b[32m\"2\"\u001b[39m\n          \u001b[33mstyle\u001b[39m=\u001b[32m\"transform: rotate(180deg); transition: transform 0.2s ease;\"\u001b[39m\n          \u001b[33mviewBox\u001b[39m=\u001b[32m\"0 0 24 24\"\u001b[39m\n        \u001b[36m>\u001b[39m\n          \u001b[36m<polyline\u001b[39m\n            \u001b[33mpoints\u001b[39m=\u001b[32m\"9 18 15 12 9 6\"\u001b[39m\n          \u001b[36m/>\u001b[39m\n        \u001b[36m</svg>\u001b[39m\n      \u001b[36m</button>\u001b[39m\n      \u001b[36m<div\u001b[39m\n        \u001b[33maria-label\u001b[39m=\u001b[32m\"User actions\"\u001b[39m\n        \u001b[33mclass\u001b[39m=\u001b[32m\"user-menu-wrapper\"\u001b[39m\n        \u001b[33mrole\u001b[39m=\u001b[32m\"menu\"\u001b[39m\n      \u001b[36m>\u001b[39m\n        \u001b[36m<button\u001b[39m\n          \u001b[33mclass\u001b[39m=\u001b[32m\"user-menu-item stubbed\"\u001b[39m\n          \u001b[33mrole\u001b[39m=\u001b[32m\"menuitem\"\u001b[39m\n        \u001b[36m>\u001b[39m\n          \u001b[36m<svg\u001b[39m\n            \u001b[33maria-hidden\u001b[39m=\u001b[32m\"true\"\u001b[39m\n            \u001b[33mclass\u001b[39m=\u001b[32m\"lucide lucide-user user-menu-item-icon\"\u001b[39m\n            \u001b[33mfill\u001b[39m=\u001b[32m\"none\"\u001b[39m\n            \u001b[33mheight\u001b[39m=\u001b[32m\"24\"\u001b[39m\n            \u001b[33mstroke\u001b[39m=\u001b[32m\"currentColor\"\u001b[39m\n            \u001b[33mstroke-linecap\u001b[39m=\u001b[32m\"round\"\u001b[39m\n            \u001b[33mstroke-linejoin\u001b[39m=\u001b[32m\"round\"\u001b[39m\n            \u001b[33mstroke-width\u001b[39m=\u001b[32m\"2\"\u001b[39m\n            \u001b[33mviewBox\u001b[39m=\u001b[32m\"0 0 24 24\"\u001b[39m\n            \u001b[33mwidth\u001b[39m=\u001b[32m\"24\"\u001b[39m\n            \u001b[33mxmlns\u001b[39m=\u001b[32m\"http://www.w3.org/2000/svg\"\u001b[39m\n          \u001b[36m>\u001b[39m\n            \u001b[36m<path\u001b[39m\n              \u001b[33md\u001b[39m=\u001b[32m\"M19 21v-2a4 4 0 0 0-4-4H9a4 4 0 0 0-4 4v2\"\u001b[39m\n            \u001b[36m/>\u001b[39m\n            \u001b[36m<circle\u001b[39m\n              \u001b[33mcx\u001b[39m=\u001b[32m\"12\"\u001b[39m\n              \u001b[33mcy\u001b[39m=\u001b[32m\"7\"\u001b[39m\n              \u001b[33mr\u001b[39m=\u001b[32m\"4\"\u001b[39m\n            \u001b[36m/>\u001b[39m\n          \u001b[36m</svg>\u001b[39m\n          \u001b[36m<span>\u001b[39m\n            \u001b[0mAccount\u001b[0m\n          \u001b[36m</span>\u001b[39m\n        \u001b[36m</button>\u001b[39m\n        \u001b[36m<button\u001b[39m\n          \u001b[33mclass\u001b[39m=\u001b[32m\"user-menu-item stubbed\"\u001b[39m\n          \u001b[33mrole\u001b[39m=\u001b[32m\"menuitem\"\u001b[39m\n        \u001b[36m>\u001b[39m\n          \u001b[36m<svg\u001b[39m\n            \u001b[33maria-hidden\u001b[39m=\u001b[32m\"true\"\u001b[39m\n            \u001b[33mclass\u001b[39m=\u001b[32m\"lucide lucide-settings user-menu-item-icon\"\u001b[39m\n            \u001b[33mfill\u001b[39m=\u001b[32m\"none\"\u001b[39m\n            \u001b[33mheight\u001b[39m=\u001b[32m\"24\"\u001b[39m\n            \u001b[33mstroke\u001b[39m=\u001b[32m\"currentColor\"\u001b[39m\n            \u001b[33mstroke-linecap\u001b[39m=\u001b[32m\"round\"\u001b[39m\n            \u001b[33mstroke-linejoin\u001b[39m=\u001b[32m\"round\"\u001b[39m\n            \u001b[33mstroke-width\u001b[39m=\u001b[32m\"2\"\u001b[39m\n            \u001b[33mviewBox\u001b[39m=\u001b[32m\"0 0 24 24\"\u001b[39m\n            \u001b[33mwidth\u001b[39m=\u001b[32m\"24\"\u001b[39m\n            \u001b[33mxmlns\u001b[39m=\u001b[32m\"http://www.w3.org/2000/svg\"\u001b[39m\n          \u001b[36m>\u001b[39m\n            \u001b[36m<path\u001b[39m\n              \u001b[33md\u001b[39m=\u001b[32m\"M9.671 4.136a2.34 2.34 0 0 1 4.659 0 2.34 2.34 0 0 0 3.319 1.915 2.34 2.34 0 0 1 2.33 4.033 2.34 2.34 0 0 0 0 3.831 2.34 2.34 0 0 1-2.33 4.033 2.34 2.34 0 0 0-3.319 1.915 2.34 2.34 0 0 1-4.659 0 2.34 2.34 0 0 0-3.32-1.915 2.34 2.34 0 0 1-2.33-4.033 2.34 2.34 0 0 0 0-3.831A2.34 2.34 0 0 1 6.35 6.051a2.34 2.34 0 0 0 3.319-1.915\"\u001b[39m\n            \u001b[36m/>\u001b[39m\n            \u001b[36m<circle\u001b[39m\n              \u001b[33mcx\u001b[39m=\u001b[32m\"12\"\u001b[39m\n              \u001b[33mcy\u001b[39m=\u001b[32m\"12\"\u001b[39m\n              \u001b[33mr\u001b[39m=\u001b[32m\"3\"\u001b[39m\n            \u001b[36m/>\u001b[39m\n          \u001b[36m</svg>\u001b[39m\n          \u001b[36m<span>\u001b[39m\n            \u001b[0mPreferences\u001b[0m\n          \u001b[36m</span>\u001b[39m\n        \u001b[36m</button>\u001b[39m\n        \u001b[36m<button\u001b[39m\n          \u001b[33mclass\u001b[39m=\u001b[32m\"user-menu-item stubbed\"\u001b[39m\n          \u001b[33mrole\u001b[39m=\u001b[32m\"menuitem\"\u001b[39m\n        \u001b[36m>\u001b[39m\n          \u001b[36m<svg\u001b[39m\n            \u001b[33maria-hidden\u001b[39m=\u001b[32m\"true\"\u001b[39m\n            \u001b[33mclass\u001b[39m=\u001b[32m\"lucide lucide-keyboard user-menu-item-icon\"\u001b[39m\n            \u001b[33mfill\u001b[39m=\u001b[32m\"none\"\u001b[39m\n            \u001b[33mheight\u001b[39m=\u001b[32m\"24\"\u001b[39m\n            \u001b[33mstroke\u001b[39m=\u001b[32m\"currentColor\"\u001b[39m\n            \u001b[33mstroke-linecap\u001b[39m=\u001b[32m\"round\"\u001b[39m\n            \u001b[33mstroke-linejoin\u001b[39m=\u001b[32m\"round\"\u001b[39m\n            \u001b[33mstroke-width\u001b[39m=\u001b[32m\"2\"\u001b[39m\n            \u001b[33mviewBox\u001b[39m=\u001b[32m\"0 0 24 24\"\u001b[39m\n            \u001b[33mwidth\u001b[39m=\u001b[32m\"24\"\u001b[39m\n            \u001b[33mxmlns\u001b[39m=\u001b[32m\"http://www.w3.org/2000/svg\"\u001b[39m\n          \u001b[36m>\u001b[39m\n            \u001b[36m<path\u001b[39m\n              \u001b[33md\u001b[39m=\u001b[32m\"M10 8h.01\"\u001b[39m\n            \u001b[36m/>\u001b[39m\n            \u001b[36m<path\u001b[39m\n              \u001b[33md\u001b[39m=\u001b[32m\"M12 12h.01\"\u001b[39m\n            \u001b[36m/>\u001b[39m\n            \u001b[36m<path\u001b[39m\n              \u001b[33md\u001b[39m=\u001b[32m\"M14 8h.01\"\u001b[39m\n            \u001b[36m/>\u001b[39m\n            \u001b[36m<path\u001b[39m\n              \u001b[33md\u001b[39m=\u001b[32m\"M16 12h.01\"\u001b[39m\n            \u001b[36m/>\u001b[39m\n            \u001b[36m<path\u001b[39m\n              \u001b[33md\u001b[39m=\u001b[32m\"M18 8h.01\"\u001b[39m\n            \u001b[36m/>\u001b[39m\n            \u001b[36m<path\u001b[39m\n              \u001b[33md\u001b[39m=\u001b[32m\"M6 8h.01\"\u001b[39m\n            \u001b[36m/>\u001b[39m\n            \u001b[36m<path\u001b[39m\n              \u001b[33md\u001b[39m=\u001b[32m\"M7 16h10\"\u001b[39m\n            \u001b[36m/>\u001b[39m\n            \u001b[36m<path\u001b[39m\n              \u001b[33md\u001b[39m=\u001b[32m\"M8 12h.01\"\u001b[39m\n            \u001b[36m/>\u001b[39m\n            \u001b[36m<rect\u001b[39m\n              \u001b[33mheight\u001b[39m=\u001b[32m\"16\"\u001b[39m\n              \u001b[33mrx\u001b[39m=\u001b[32m\"2\"\u001b[39m\n              \u001b[33mwidth\u001b[39m=\u001b[32m\"20\"\u001b[39m\n              \u001b[33mx\u001b[39m=\u001b[32m\"2\"\u001b[39m\n              \u001b[33my\u001b[39m=\u001b[32m\"4\"\u001b[39m\n            \u001b[36m/>\u001b[39m\n          \u001b[36m</svg>\u001b[39m\n          \u001b[36m<span>\u001b[39m\n            \u001b[0mShortcuts\u001b[0m\n          \u001b[36m</span>\u001b[39m\n        \u001b[36m</button>\u001b[39m\n        \u001b[36m<button\u001b[39m\n          \u001b[33mclass\u001b[39m=\u001b[32m\"user-menu-item stubbed\"\u001b[39m\n          \u001b[33mrole\u001b[39m=\u001b[32m\"menuitem\"\u001b[39m\n        \u001b[36m>\u001b[39m\n          \u001b[36m<svg\u001b[39m\n            \u001b[33maria-hid...\n    at Object.getElementError (C:\\Users\\PB-Abhay\\Desktop\\Work\\Personal\\Personal projects\\Chota Packet\\frontend\\node_modules\\@testing-library\\dom\\dist\\config.js:37:19)\n    at getElementError (C:\\Users\\PB-Abhay\\Desktop\\Work\\Personal\\Personal projects\\Chota Packet\\frontend\\node_modules\\@testing-library\\dom\\dist\\query-helpers.js:20:35)\n    at getMultipleElementsFoundError (C:\\Users\\PB-Abhay\\Desktop\\Work\\Personal\\Personal projects\\Chota Packet\\frontend\\node_modules\\@testing-library\\dom\\dist\\query-helpers.js:23:10)\n    at C:\\Users\\PB-Abhay\\Desktop\\Work\\Personal\\Personal projects\\Chota Packet\\frontend\\node_modules\\@testing-library\\dom\\dist\\query-helpers.js:55:13\n    at C:\\Users\\PB-Abhay\\Desktop\\Work\\Personal\\Personal projects\\Chota Packet\\frontend\\node_modules\\@testing-library\\dom\\dist\\query-helpers.js:95:19\n    at openMenu (C:/Users/PB-Abhay/Desktop/Work/Personal/Personal projects/Chota Packet/frontend/src/components/layout/Sidebar/UserMenu.test.jsx:33:24)\n    at C:/Users/PB-Abhay/Desktop/Work/Personal/Personal projects/Chota Packet/frontend/src/components/layout/Sidebar/UserMenu.test.jsx:64:5\n    at file:///C:/Users/PB-Abhay/Desktop/Work/Personal/Personal%20projects/Chota%20Packet/frontend/node_modules/@vitest/runner/dist/chunk-artifact.js:302:11\n    at file:///C:/Users/PB-Abhay/Desktop/Work/Personal/Personal%20projects/Chota%20Packet/frontend/node_modules/@vitest/runner/dist/chunk-artifact.js:1893:26\n    at file:///C:/Users/PB-Abhay/Desktop/Work/Personal/Personal%20projects/Chota%20Packet/frontend/node_modules/@vitest/runner/dist/chunk-artifact.js:2316:20"],"meta":{},"tags":[]},{"ancestorTitles":["UserMenu"],"fullName":"UserMenu Sign Out shows \"not signed in\" toast","status":"failed","title":"Sign Out shows \"not signed in\" toast","duration":15.467200000000048,"failureMessages":["TestingLibraryElementError: Found multiple elements with the role \"button\" and name `/user menu/i`\n\nHere are the matching elements:\n\nIgnored nodes: comments, script, style\n\u001b[36m<button\u001b[39m\n  \u001b[33maria-expanded\u001b[39m=\u001b[32m\"true\"\u001b[39m\n  \u001b[33maria-haspopup\u001b[39m=\u001b[32m\"menu\"\u001b[39m\n  \u001b[33maria-label\u001b[39m=\u001b[32m\"User menu\"\u001b[39m\n  \u001b[33mclass\u001b[39m=\u001b[32m\"user-btn expanded active\"\u001b[39m\n  \u001b[33mtype\u001b[39m=\u001b[32m\"button\"\u001b[39m\n\u001b[36m>\u001b[39m\n  \u001b[36m<div\u001b[39m\n    \u001b[33maria-hidden\u001b[39m=\u001b[32m\"true\"\u001b[39m\n    \u001b[33mclass\u001b[39m=\u001b[32m\"user-avatar\"\u001b[39m\n    \u001b[33mdata-testid\u001b[39m=\u001b[32m\"user-button-avatar\"\u001b[39m\n  \u001b[36m>\u001b[39m\n    \u001b[36m<span>\u001b[39m\n      \u001b[0mTU\u001b[0m\n    \u001b[36m</span>\u001b[39m\n  \u001b[36m</div>\u001b[39m\n  \u001b[36m<div\u001b[39m\n    \u001b[33mclass\u001b[39m=\u001b[32m\"user-info\"\u001b[39m\n  \u001b[36m>\u001b[39m\n    \u001b[36m<span\u001b[39m\n      \u001b[33mclass\u001b[39m=\u001b[32m\"user-name\"\u001b[39m\n    \u001b[36m>\u001b[39m\n      \u001b[0mTest User\u001b[0m\n    \u001b[36m</span>\u001b[39m\n    \u001b[36m<span\u001b[39m\n      \u001b[33mclass\u001b[39m=\u001b[32m\"user-email\"\u001b[39m\n    \u001b[36m>\u001b[39m\n      \u001b[0mtest@example.com\u001b[0m\n    \u001b[36m</span>\u001b[39m\n  \u001b[36m</div>\u001b[39m\n  \u001b[36m<svg\u001b[39m\n    \u001b[33mclass\u001b[39m=\u001b[32m\"user-chevron\"\u001b[39m\n    \u001b[33mfill\u001b[39m=\u001b[32m\"none\"\u001b[39m\n    \u001b[33mstroke\u001b[39m=\u001b[32m\"currentColor\"\u001b[39m\n    \u001b[33mstroke-linecap\u001b[39m=\u001b[32m\"round\"\u001b[39m\n    \u001b[33mstroke-linejoin\u001b[39m=\u001b[32m\"round\"\u001b[39m\n    \u001b[33mstroke-width\u001b[39m=\u001b[32m\"2\"\u001b[39m\n    \u001b[33mstyle\u001b[39m=\u001b[32m\"transform: rotate(180deg); transition: transform 0.2s ease;\"\u001b[39m\n    \u001b[33mviewBox\u001b[39m=\u001b[32m\"0 0 24 24\"\u001b[39m\n  \u001b[36m>\u001b[39m\n    \u001b[36m<polyline\u001b[39m\n      \u001b[33mpoints\u001b[39m=\u001b[32m\"9 18 15 12 9 6\"\u001b[39m\n    \u001b[36m/>\u001b[39m\n  \u001b[36m</svg>\u001b[39m\n\u001b[36m</button>\u001b[39m\n\nIgnored nodes: comments, script, style\n\u001b[36m<button\u001b[39m\n  \u001b[33maria-expanded\u001b[39m=\u001b[32m\"false\"\u001b[39m\n  \u001b[33maria-haspopup\u001b[39m=\u001b[32m\"menu\"\u001b[39m\n  \u001b[33maria-label\u001b[39m=\u001b[32m\"User menu\"\u001b[39m\n  \u001b[33mclass\u001b[39m=\u001b[32m\"user-btn expanded \"\u001b[39m\n  \u001b[33mtype\u001b[39m=\u001b[32m\"button\"\u001b[39m\n\u001b[36m>\u001b[39m\n  \u001b[36m<div\u001b[39m\n    \u001b[33maria-hidden\u001b[39m=\u001b[32m\"true\"\u001b[39m\n    \u001b[33mclass\u001b[39m=\u001b[32m\"user-avatar\"\u001b[39m\n    \u001b[33mdata-testid\u001b[39m=\u001b[32m\"user-button-avatar\"\u001b[39m\n  \u001b[36m>\u001b[39m\n    \u001b[36m<span>\u001b[39m\n      \u001b[0mTU\u001b[0m\n    \u001b[36m</span>\u001b[39m\n  \u001b[36m</div>\u001b[39m\n  \u001b[36m<div\u001b[39m\n    \u001b[33mclass\u001b[39m=\u001b[32m\"user-info\"\u001b[39m\n  \u001b[36m>\u001b[39m\n    \u001b[36m<span\u001b[39m\n      \u001b[33mclass\u001b[39m=\u001b[32m\"user-name\"\u001b[39m\n    \u001b[36m>\u001b[39m\n      \u001b[0mTest User\u001b[0m\n    \u001b[36m</span>\u001b[39m\n    \u001b[36m<span\u001b[39m\n      \u001b[33mclass\u001b[39m=\u001b[32m\"user-email\"\u001b[39m\n    \u001b[36m>\u001b[39m\n      \u001b[0mtest@example.com\u001b[0m\n    \u001b[36m</span>\u001b[39m\n  \u001b[36m</div>\u001b[39m\n  \u001b[36m<svg\u001b[39m\n    \u001b[33mclass\u001b[39m=\u001b[32m\"user-chevron\"\u001b[39m\n    \u001b[33mfill\u001b[39m=\u001b[32m\"none\"\u001b[39m\n    \u001b[33mstroke\u001b[39m=\u001b[32m\"currentColor\"\u001b[39m\n    \u001b[33mstroke-linecap\u001b[39m=\u001b[32m\"round\"\u001b[39m\n    \u001b[33mstroke-linejoin\u001b[39m=\u001b[32m\"round\"\u001b[39m\n    \u001b[33mstroke-width\u001b[39m=\u001b[32m\"2\"\u001b[39m\n    \u001b[33mstyle\u001b[39m=\u001b[32m\"transform: none; transition: transform 0.2s ease;\"\u001b[39m\n    \u001b[33mviewBox\u001b[39m=\u001b[32m\"0 0 24 24\"\u001b[39m\n  \u001b[36m>\u001b[39m\n    \u001b[36m<polyline\u001b[39m\n      \u001b[33mpoints\u001b[39m=\u001b[32m\"9 18 15 12 9 6\"\u001b[39m\n    \u001b[36m/>\u001b[39m\n  \u001b[36m</svg>\u001b[39m\n\u001b[36m</button>\u001b[39m\n\nIgnored nodes: comments, script, style\n\u001b[36m<button\u001b[39m\n  \u001b[33maria-expanded\u001b[39m=\u001b[32m\"false\"\u001b[39m\n  \u001b[33maria-haspopup\u001b[39m=\u001b[32m\"menu\"\u001b[39m\n  \u001b[33maria-label\u001b[39m=\u001b[32m\"User menu\"\u001b[39m\n  \u001b[33mclass\u001b[39m=\u001b[32m\"user-btn expanded \"\u001b[39m\n  \u001b[33mtype\u001b[39m=\u001b[32m\"button\"\u001b[39m\n\u001b[36m>\u001b[39m\n  \u001b[36m<div\u001b[39m\n    \u001b[33maria-hidden\u001b[39m=\u001b[32m\"true\"\u001b[39m\n    \u001b[33mclass\u001b[39m=\u001b[32m\"user-avatar\"\u001b[39m\n    \u001b[33mdata-testid\u001b[39m=\u001b[32m\"user-button-avatar\"\u001b[39m\n  \u001b[36m>\u001b[39m\n    \u001b[36m<span>\u001b[39m\n      \u001b[0mTU\u001b[0m\n    \u001b[36m</span>\u001b[39m\n  \u001b[36m</div>\u001b[39m\n  \u001b[36m<div\u001b[39m\n    \u001b[33mclass\u001b[39m=\u001b[32m\"user-info\"\u001b[39m\n  \u001b[36m>\u001b[39m\n    \u001b[36m<span\u001b[39m\n      \u001b[33mclass\u001b[39m=\u001b[32m\"user-name\"\u001b[39m\n    \u001b[36m>\u001b[39m\n      \u001b[0mTest User\u001b[0m\n    \u001b[36m</span>\u001b[39m\n    \u001b[36m<span\u001b[39m\n      \u001b[33mclass\u001b[39m=\u001b[32m\"user-email\"\u001b[39m\n    \u001b[36m>\u001b[39m\n      \u001b[0mtest@example.com\u001b[0m\n    \u001b[36m</span>\u001b[39m\n  \u001b[36m</div>\u001b[39m\n  \u001
[...]
01b[0m\n    \u001b[36m</span>\u001b[39m\n  \u001b[36m</div>\u001b[39m\n  \u001b[36m<div\u001b[39m\n    \u001b[33mclass\u001b[39m=\u001b[32m\"user-info\"\u001b[39m\n  \u001b[36m>\u001b[39m\n    \u001b[36m<span\u001b[39m\n      \u001b[33mclass\u001b[39m=\u001b[32m\"user-name\"\u001b[39m\n    \u001b[36m>\u001b[39m\n      \u001b[0mTest User\u001b[0m\n    \u001b[36m</span>\u001b[39m\n    \u001b[36m<span\u001b[39m\n      \u001b[33mclass\u001b[39m=\u001b[32m\"user-email\"\u001b[39m\n    \u001b[36m>\u001b[39m\n      \u001b[0mtest@example.com\u001b[0m\n    \u001b[36m</span>\u001b[39m\n  \u001b[36m</div>\u001b[39m\n  \u001b[36m<svg\u001b[39m\n    \u001b[33mclass\u001b[39m=\u001b[32m\"user-chevron\"\u001b[39m\n    \u001b[33mfill\u001b[39m=\u001b[32m\"none\"\u001b[39m\n    \u001b[33mstroke\u001b[39m=\u001b[32m\"currentColor\"\u001b[39m\n    \u001b[33mstroke-linecap\u001b[39m=\u001b[32m\"round\"\u001b[39m\n    \u001b[33mstroke-linejoin\u001b[39m=\u001b[32m\"round\"\u001b[39m\n    \u001b[33mstroke-width\u001b[39m=\u001b[32m\"2\"\u001b[39m\n    \u001b[33mstyle\u001b[39m=\u001b[32m\"transform: none; transition: transform 0.2s ease;\"\u001b[39m\n    \u001b[33mviewBox\u001b[39m=\u001b[32m\"0 0 24 24\"\u001b[39m\n  \u001b[36m>\u001b[39m\n    \u001b[36m<polyline\u001b[39m\n      \u001b[33mpoints\u001b[39m=\u001b[32m\"9 18 15 12 9 6\"\u001b[39m\n    \u001b[36m/>\u001b[39m\n  \u001b[36m</svg>\u001b[39m\n\u001b[36m</button>\u001b[39m\n\nIgnored nodes: comments, script, style\n\u001b[36m<button\u001b[39m\n  \u001b[33maria-expanded\u001b[39m=\u001b[32m\"false\"\u001b[39m\n  \u001b[33maria-haspopup\u001b[39m=\u001b[32m\"menu\"\u001b[39m\n  \u001b[33maria-label\u001b[39m=\u001b[32m\"User menu\"\u001b[39m\n  \u001b[33mclass\u001b[39m=\u001b[32m\"user-btn expanded \"\u001b[39m\n  \u001b[33mtype\u001b[39m=\u001b[32m\"button\"\u001b[39m\n\u001b[36m>\u001b[39m\n  \u001b[36m<div\u001b[39m\n    \u001b[33maria-hidden\u001b[39m=\u001b[32m\"true\"\u001b[39m\n    \u001b[33mclass\u001b[39m=\u001b[32m\"user-avatar\"\u001b[39m\n    \u001b[33mdata-testid\u001b[39m=\u001b[32m\"user-button-avatar\"\u001b[39m\n  \u001b[36m>\u001b[39m\n    \u001b[36m<span>\u001b[39m\n      \u001b[0mTU\u001b[0m\n    \u001b[36m</span>\u001b[39m\n  \u001b[36m</div>\u001b[39m\n  \u001b[36m<div\u001b[39m\n    \u001b[33mclass\u001b[39m=\u001b[32m\"user-info\"\u001b[39m\n  \u001b[36m>\u001b[39m\n    \u001b[36m<span\u001b[39m\n      \u001b[33mclass\u001b[39m=\u001b[32m\"user-name\"\u001b[39m\n    \u001b[36m>\u001b[39m\n      \u001b[0mTest User\u001b[0m\n    \u001b[36m</span>\u001b[39m\n    \u001b[36m<span\u001b[39m\n      \u001b[33mclass\u001b[39m=\u001b[32m\"user-email\"\u001b[39m\n    \u001b[36m>\u001b[39m\n      \u001b[0mtest@example.com\u001b[0m\n    \u001b[36m</span>\u001b[39m\n  \u001b[36m</div>\u001b[39m\n  \u001b[36m<svg\u001b[39m\n    \u001b[33mclass\u001b[39m=\u001b[32m\"user-chevron\"\u001b[39m\n    \u001b[33mfill\u001b[39m=\u001b[32m\"none\"\u001b[39m\n    \u001b[33mstroke\u001b[39m=\u001b[32m\"currentColor\"\u001b[39m\n    \u001b[33mstroke-linecap\u001b[39m=\u001b[32m\"round\"\u001b[39m\n    \u001b[33mstroke-linejoin\u001b[39m=\u001b[32m\"round\"\u001b[39m\n    \u001b[33mstroke-width\u001b[39m=\u001b[32m\"2\"\u001b[39m\n    \u001b[33mstyle\u001b[39m=\u001b[32m\"transform: none; transition: transform 0.2s ease;\"\u001b[39m\n    \u001b[33mviewBox\u001b[39m=\u001b[32m\"0 0 24 24\"\u001b[39m\n  \u001b[36m>\u001b[39m\n    \u001b[36m<polyline\u001b[39m\n      \u001b[33mpoints\u001b[39m=\u001b[32m\"9 18 15 12 9 6\"\u001b[39m\n    \u001b[36m/>\u001b[39m\n  \u001b[36m</svg>\u001b[39m\n\u001b[36m</button>\u001b[39m\n\nIgnored nodes: comments, script, style\n\u001b[36m<button\u001b[39m\n  \u001b[33maria-expanded\u001b[39m=\u001b[32m\"false\"\u001b[39m\n  \u001b[33maria-haspopup\u001b[39m=\u001b[32m\"menu\"\u001b[39m\n  \u001b[33maria-label\u001b[39m=\u001b[32m\"User menu\"\u001b[39m\n  \u001b[33mclass\u001b[39m=\u001b[32m\"user-btn expanded \"\u001b[39m\n  \u001b[33mtype\u001b[39m=\u001b[32m\"button\"\u001b[39m\n\u001b[36m>\u001b[39m\n  \u001b[36m<div\u001b[39m\n    \u001b[33maria-hidden\u001b[39m=\u001b[32m\"true\"\u001b[39m\n    \u001b[33mclass\u001b[39m=\u001b[32m\"user-avatar\"\u001b[39m\n    \u001b[33mdata-testid\u001b[39m=\u001b[32m\"user-button-avatar\"\u001b[39m\n  \u001b[36m>\u001b[39m\n    \u001b[36m<span>\u001b[39m\n      \u001b[0mTU\u001b[0m\n    \u001b[36m</span>\u001b[39m\n  \u001b[36m</div>\u001b[39m\n  \u001b[36m<div\u001b[39m\n    \u001b[33mclass\u001b[39m=\u001b[32m\"user-info\"\u001b[39m\n  \u001b[36m>\u001b[39m\n    \u001b[36m<span\u001b[39m\n      \u001b[33mclass\u001b[39m=\u001b[32m\"user-name\"\u001b[39m\n    \u001b[36m>\u001b[39m\n      \u001b[0mTest User\u001b[0m\n    \u001b[36m</span>\u001b[39m\n    \u001b[36m<span\u001b[39m\n      \u001b[33mclass\u001b[39m=\u001b[32m\"user-email\"\u001b[39m\n    \u001b[36m>\u001b[39m\n      \u001b[0mtest@example.com\u001b[0m\n    \u001b[36m</span>\u001b[39m\n  \u001b[36m</div>\u001b[39m\n  \u001b[36m<svg\u001b[39m\n    \u001b[33mclass\u001b[39m=\u001b[32m\"user-chevron\"\u001b[39m\n    \u001b[33mfill\u001b[39m=\u001b[32m\"none\"\u001b[39m\n    \u001b[33mstroke\u001b[39m=\u001b[32m\"currentColor\"\u001b[39m\n    \u001b[33mstroke-linecap\u001b[39m=\u001b[32m\"round\"\u001b[39m\n    \u001b[33mstroke-linejoin\u001b[39m=\u001b[32m\"round\"\u001b[39m\n    \u001b[33mstroke-width\u001b[39m=\u001b[32m\"2\"\u001b[39m\n    \u001b[33mstyle\u001b[39m=\u001b[32m\"transform: none; transition: transform 0.2s ease;\"\u001b[39m\n    \u001b[33mviewBox\u001b[39m=\u001b[32m\"0 0 24 24\"\u001b[39m\n  \u001b[36m>\u001b[39m\n    \u001b[36m<polyline\u001b[39m\n      \u001b[33mpoints\u001b[39m=\u001b[32m\"9 18 15 12 9 6\"\u001b[39m\n    \u001b[36m/>\u001b[39m\n  \u001b[36m</svg>\u001b[39m\n\u001b[36m</button>\u001b[39m\n\nIgnored nodes: comments, script, style\n\u001b[36m<button\u001b[39m\n  \u001b[33maria-expanded\u001b[39m=\u001b[32m\"false\"\u001b[39m\n  \u001b[33maria-haspopup\u001b[39m=\u001b[32m\"menu\"\u001b[39m\n  \u001b[33maria-label\u001b[39m=\u001b[32m\"User menu\"\u001b[39m\n  \u001b[33mclass\u001b[39m=\u001b[32m\"user-btn expanded \"\u001b[39m\n  \u001b[33mtype\u001b[39m=\u001b[32m\"button\"\u001b[39m\n\u001b[36m>\u001b[39m\n  \u001b[36m<div\u001b[39m\n    \u001b[33maria-hidden\u001b[39m=\u001b[32m\"true\"\u001b[39m\n    \u001b[33mclass\u001b[39m=\u001b[32m\"user-avatar\"\u001b[39m\n    \u001b[33mdata-testid\u001b[39m=\u001b[32m\"user-button-avatar\"\u001b[39m\n  \u001b[36m>\u001b[39m\n    \u001b[36m<span>\u001b[39m\n      \u001b[0mTU\u001b[0m\n    \u001b[36m</span>\u001b[39m\n  \u001b[36m</div>\u001b[39m\n  \u001b[36m<div\u001b[39m\n    \u001b[33mclass\u001b[39m=\u001b[32m\"user-info\"\u001b[39m\n  \u001b[36m>\u001b[39m\n    \u001b[36m<span\u001b[39m\n      \u001b[33mclass\u001b[39m=\u001b[32m\"user-name\"\u001b[39m\n    \u001b[36m>\u001b[39m\n      \u001b[0mTest User\u001b[0m\n    \u001b[36m</span>\u001b[39m\n    \u001b[36m<span\u001b[39m\n      \u001b[33mclass\u001b[39m=\u001b[32m\"user-email\"\u001b[39m\n    \u001b[36m>\u001b[39m\n      \u001b[0mtest@example.com\u001b[0m\n    \u001b[36m</span>\u001b[39m\n  \u001b[36m</div>\u001b[39m\n  \u001b[36m<svg\u001b[39m\n    \u001b[33mclass\u001b[39m=\u001b[32m\"user-chevron\"\u001b[39m\n    \u001b[33mfill\u001b[39m=\u001b[32m\"none\"\u001b[39m\n    \u001b[33mstroke\u001b[39m=\u001b[32m\"currentColor\"\u001b[39m\n    \u001b[33mstroke-linecap\u001b[39m=\u001b[32m\"round\"\u001b[39m\n    \u001b[33mstroke-linejoin\u001b[39m=\u001b[32m\"round\"\u001b[39m\n    \u001b[33mstroke-width\u001b[39m=\u001b[32m\"2\"\u001b[39m\n    \u001b[33mstyle\u001b[39m=\u001b[32m\"transform: none; transition: transform 0.2s ease;\"\u001b[39m\n    \u001b[33mviewBox\u001b[39m=\u001b[32m\"0 0 24 24\"\u001b[39m\n  \u001b[36m>\u001b[39m\n    \u001b[36m<polyline\u001b[39m\n      \u001b[33mpoints\u001b[39m=\u001b[32m\"9 18 15 12 9 6\"\u001b[39m\n    \u001b[36m/>\u001b[39m\n  \u001b[36m</svg>\u001b[39m\n\u001b[36m</button>\u001b[39m\n\n(If this is intentional, then use the `*AllBy*` variant of the query (like `queryAllByText`, `getAllByText`, or `findAllByText`)).\n\nIgnored nodes: comments, script, style\n\u001b[36m<body>\u001b[39m\n  \u001b[36m<div>\u001b[39m\n    \u001b[36m<div\u001b[39m\n      \u001b[33mclass\u001b[39m=\u001b[32m\"user-btn-wrapper relative\"\u001b[39m\n    \u001b[36m>\u001b[39m\n      \u001b[36m<button\u001b[39m\n        \u001b[33maria-expanded\u001b[39m=\u001b[32m\"true\"\u001b[39m\n        \u001b[33maria-haspopup\u001b[39m=\u001b[32m\"menu\"\u001b[39m\n        \u001b[33maria-label\u001b[39m=\u001b[32m\"User menu\"\u001b[39m\n        \u001b[33mclass\u001b[39m=\u001b[32m\"user-btn expanded active\"\u001b[39m\n        \u001b[33mtype\u001b[39m=\u001b[32m\"button\"\u001b[39m\n      \u001b[36m>\u001b[39m\n        \u001b[36m<div\u001b[39m\n          \u001b[33maria-hidden\u001b[39m=\u001b[32m\"true\"\u001b[39m\n          \u001b[33mclass\u001b[39m=\u001b[32m\"user-avatar\"\u001b[39m\n          \u001b[33mdata-testid\u001b[39m=\u001b[32m\"user-button-avatar\"\u001b[39m\n        \u001b[36m>\u001b[39m\n          \u001b[36m<span>\u001b[39m\n            \u001b[0mTU\u001b[0m\n          \u001b[36m</span>\u001b[39m\n        \u001b[36m</div>\u001b[39m\n        \u001b[36m<div\u001b[39m\n          \u001b[33mclass\u001b[39m=\u001b[32m\"user-info\"\u001b[39m\n        \u001b[36m>\u001b[39m\n          \u001b[36m<span\u001b[39m\n            \u001b[33mclass\u001b[39m=\u001b[32m\"user-name\"\u001b[39m\n          \u001b[36m>\u001b[39m\n            \u001b[0mTest User\u001b[0m\n          \u001b[36m</span>\u001b[39m\n          \u001b[36m<span\u001b[39m\n            \u001b[33mclass\u001b[39m=\u001b[32m\"user-email\"\u001b[39m\n          \u001b[36m>\u001b[39m\n            \u001b[0mtest@example.com\u001b[0m\n          \u001b[36m</span>\u001b[39m\n        \u001b[36m</div>\u001b[39m\n        \u001b[36m<svg\u001b[39m\n          \u001b[33mclass\u001b[39m=\u001b[32m\"user-chevron\"\u001b[39m\n          \u001b[33mfill\u001b[39m=\u001b[32m\"none\"\u001b[39m\n          \u001b[33mstroke\u001b[39m=\u001b[32m\"currentColor\"\u001b[39m\n          \u001b[33mstroke-linecap\u001b[39m=\u001b[32m\"round\"\u001b[39m\n          \u001b[33mstroke-linejoin\u001b[39m=\u001b[32m\"round\"\u001b[39m\n          \u001b[33mstroke-width\u001b[39m=\u001b[32m\"2\"\u001b[39m\n          \u001b[33mstyle\u001b[39m=\u001b[32m\"transform: rotate(180deg); transition: transform 0.2s ease;\"\u001b[39m\n          \u001b[33mviewBox\u001b[39m=\u001b[32m\"0 0 24 24\"\u001b[39m\n        \u001b[36m>\u001b[39m\n          \u001b[36m<polyline\u001b[39m\n            \u001b[33mpoints\u001b[39m=\u001b[32m\"9 18 15 12 9 6\"\u001b[39m\n          \u001b[36m/>\u001b[39m\n        \u001b[36m</svg>\u001b[39m\n      \u001b[36m</button>\u001b[39m\n      \u001b[36m<div\u001b[39m\n        \u001b[33maria-label\u001b[39m=\u001b[32m\"User actions\"\u001b[39m\n        \u001b[33mclass\u001b[39m=\u001b[32m\"user-menu-wrapper\"\u001b[39m\n        \u001b[33mrole\u001b[39m=\u001b[32m\"menu\"\u001b[39m\n      \u001b[36m>\u001b[39m\n        \u001b[36m<button\u001b[39m\n          \u001b[33mclass\u001b[39m=\u001b[32m\"user-menu-item stubbed\"\u001b[39m\n          \u001b[33mrole\u001b[39m=\u001b[32m\"menuitem\"\u001b[39m\n        \u001b[36m>\u001b[39m\n          \u001b[36m<svg\u001b[39m\n            \u001b[33maria-hidden\u001b[39m=\u001b[32m\"true\"\u001b[39m\n            \u001b[33mclass\u001b[39m=\u001b[32m\"lucide lucide-user user-menu-item-icon\"\u001b[39m\n            \u001b[33mfill\u001b[39m=\u001b[32m\"none\"\u001b[39m\n            \u001b[33mheight\u001b[39m=\u001b[32m\"24\"\u001b[39m\n            \u001b[33mstroke\u001b[39m=\u001b[32m\"currentColor\"\u001b[39m\n            \u001b[33mstroke-linecap\u001b[39m=\u001b[32m\"round\"\u001b[39m\n            \u001b[33mstroke-linejoin\u001b[39m=\u001b[32m\"round\"\u001b[39m\n            \u001b[33mstroke-width\u001b[39m=\u001b[32m\"2\"\u001b[39m\n            \u001b[33mviewBox\u001b[39m=\u001b[32m\"0 0 24 24\"\u001b[39m\n            \u001b[33mwidth\u001b[39m=\u001b[32m\"24\"\u001b[39m\n            \u001b[33mxmlns\u001b[39m=\u001b[32m\"http://www.w3.org/2000/svg\"\u001b[39m\n          \u001b[36m>\u001b[39m\n            \u001b[36m<path\u001b[39m\n              \u001b[33md\u001b[39m=\u001b[32m\"M19 21v-2a4 4 0 0 0-4-4H9a4 4 0 0 0-4 4v2\"\u001b[39m\n            \u001b[36m/>\u001b[39m\n            \u001b[36m<circle\u001b[39m\n              \u001b[33mcx\u001b[39m=\u001b[32m\"12\"\u001b[39m\n              \u001b[33mcy\u001b[39m=\u001b[32m\"7\"\u001b[39m\n              \u001b[33mr\u001b[39m=\u001b[32m\"4\"\u001b[39m\n            \u001b[36m/>\u001b[39m\n          \u001b[36m</svg>\u001b[39m\n          \u001b[36m<span>\u001b[39m\n            \u001b[0mAccount\u001b[0m\n          \u001b[36m</span>\u001b[39m\n        \u001b[36m</button>\u001b[39m\n        \u001b[36m<button\u001b[39m\n          \u001b[33mclass\u001b[39m=\u001b[32m\"user-menu-item stubbed\"\u001b[39m\n          \u001b[33mrole\u001b[39m=\u001b[32m\"menuitem\"\u001b[39m\n        \u001b[36m>\u001b[39m\n          \u001b[36m<svg\u001b[39m\n            \u001b[33maria-hidden\u001b[39m=\u001b[32m\"true\"\u001b[39m\n            \u001b[33mclass\u001b[39m=\u001b[32m\"lucide lucide-settings user-menu-item-icon\"\u001b[39m\n            \u001b[33mfill\u001b[39m=\u001b[32m\"none\"\u001b[39m\n            \u001b[33mheight\u001b[39m=\u001b[32m\"24\"\u001b[39m\n            \u001b[33mstroke\u001b[39m=\u001b[32m\"currentColor\"\u001b[39m\n            \u001b[33mstroke-linecap\u001b[39m=\u001b[32m\"round\"\u001b[39m\n            \u001b[33mstroke-linejoin\u001b[39m=\u001b[32m\"round\"\u001b[39m\n            \u001b[33mstroke-width\u001b[39m=\u001b[32m\"2\"\u001b[39m\n            \u001b[33mviewBox\u001b[39m=\u001b[32m\"0 0 24 24\"\u001b[39m\n            \u001b[33mwidth\u001b[39m=\u001b[32m\"24\"\u001b[39m\n            \u001b[33mxmlns\u001b[39m=\u001b[32m\"http://www.w3.org/2000/svg\"\u001b[39m\n          \u001b[36m>\u001b[39m\n            \u001b[36m<path\u001b[39m\n              \u001b[33md\u001b[39m=\u001b[32m\"M9.671 4.136a2.34 2.34 0 0 1 4.659 0 2.34 2.34 0 0 0 3.319 1.915 2.34 2.34 0 0 1 2.33 4.033 2.34 2.34 0 0 0 0 3.831 2.34 2.34 0 0 1-2.33 4.033 2.34 2.34 0 0 0-3.319 1.915 2.34 2.34 0 0 1-4.659 0 2.34 2.34 0 0 0-3.32-1.915 2.34 2.34 0 0 1-2.33-4.033 2.34 2.34 0 0 0 0-3.831A2.34 2.34 0 0 1 6.35 6.051a2.34 2.34 0 0 0 3.319-1.915\"\u001b[39m\n            \u001b[36m/>\u001b[39m\n            \u001b[36m<circle\u001b[39m\n              \u001b[33mcx\u001b[39m=\u001b[32m\"12\"\u001b[39m\n              \u001b[33mcy\u001b[39m=\u001b[32m\"12\"\u001b[39m\n              \u001b[33mr\u001b[39m=\u001b[32m\"3\"\u001b[39m\n            \u001b[36m/>\u001b[39m\n          \u001b[36m</svg>\u001b[39m\n          \u001b[36m<span>\u001b[39m\n            \u001b[0mPreferences\u001b[0m\n          \u001b[36m</span>\u001b[39m\n        \u001b[36m</button>\u001b[39m\n        \u001b[36m<button\u001b[39m\n          \u001b[33mclass\u001b[39m=\u001b[32m\"user-menu-item stubbed\"\u001b[39m\n          \u001b[33mrole\u001b[39m=\u001b[32m\"menuitem\"\u001b[39m\n        \u001b[36m>\u001b[39m\n          \u001b[36m<svg\u001b[39m\n            \u001b[33maria-hidden\u001b[39m=\u001b[32m\"true\"\u001b[39m\n            \u001b[33mclass\u001b[39m=\u001b[32m\"lucide lucide-keyboard user-menu-item-icon\"\u001b[39m\n            \u001b[33mfill\u001b[39m=\u001b[32m\"none\"\u001b[39m\n            \u001b[33mheight\u001b[39m=\u001b[32m\"24\"\u001b[39m\n            \u001b[33mstroke\u001b[39m=\u001b[32m\"currentColor\"\u001b[39m\n            \u001b[33mstroke-linecap\u001b[39m=\u001b[32m\"round\"\u001b[39m\n            \u001b[33mstroke-linejoin\u001b[39m=\u001b[32m\"round\"\u001b[39m\n            \u001b[33mstroke-width\u001b[39m=\u001b[32m\"2\"\u001b[39m\n            \u001b[33mviewBox\u001b[39m=\u001b[32m\"0 0 24 24\"\u001b[39m\n            \u001b[33mwidth\u001b[39m=\u001b[32m\"24\"\u001b[39m\n            \u001b[33mxmlns\u001b[39m=\u001b[32m\"http://www.w3.org/2000/svg\"\u001b[39m\n          \u001b[36m>\u001b[39m\n            \u001b[36m<path\u001b[39m\n              \u001b[33md\u001b[39m=\u001b[32m\"M10 8h.01\"\u001b[39m\n            \u001b[36m/>\u001b[39m\n            \u001b[36m<path\u001b[39m\n              \u001b[33md\u001b[39m=\u001b[32m\"M12 12h.01\"\u001b[39m\n            \u001b[36m/>\u001b[39m\n            \u001b[36m<path\u001b[39m\n              \u001b[33md\u001b[39m=\u001b[32m\"M14 8h.01\"\u001b[39m\n            \u001b[36m/>\u001b[39m\n            \u001b[36m<path\u001b[39m\n              \u001b[33md\u001b[39m=\u001b[32m\"M16 12h.01\"\u001b[39m\n            \u001b[36m/>\u001b[39m\n            \u001b[36m<path\u001b[39m\n              \u001b[33md\u001b[39m=\u001b[32m\"M18 8h.01\"\u001b[39m\n            \u001b[36m/>\u001b[39m\n            \u001b[36m<path\u001b[39m\n              \u001b[33md\u001b[39m=\u001b[32m\"M6 8h.01\"\u001b[39m\n            \u001b[36m/>\u001b[39m\n            \u001b[36m<path\u001b[39m\n              \u001b[33md\u001b[39m=\u001b[32m\"M7 16h10\"\u001b[39m\n            \u001b[36m/>\u001b[39m\n            \u001b[36m<path\u001b[39m\n              \u001b[33md\u001b[39m=\u001b[32m\"M8 12h.01\"\u001b[39m\n            \u001b[36m/>\u001b[39m\n            \u001b[36m<rect\u001b[39m\n              \u001b[33mheight\u001b[39m=\u001b[32m\"16\"\u001b[39m\n              \u001b[33mrx\u001b[39m=\u001b[32m\"2\"\u001b[39m\n              \u001b[33mwidth\u001b[39m=\u001b[32m\"20\"\u001b[39m\n              \u001b[33mx\u001b[39m=\u001b[32m\"2\"\u001b[39m\n              \u001b[33my\u001b[39m=\u001b[32m\"4\"\u001b[39m\n            \u001b[36m/>\u001b[39m\n          \u001b[36m</svg>\u001b[39m\n          \u001b[36m<span>\u001b[39m\n            \u001b[0mShortcuts\u001b[0m\n          \u001b[36m</span>\u001b[39m\n        \u001b[36m</button>\u001b[39m\n        \u001b[36m<button\u001b[39m\n          \u001b[33mclass\u001b[39m=\u001b[32m\"user-menu-item stubbed\"\u001b[39m\n          \u001b[33mrole\u001b[39m=\u001b[32m\"menuitem\"\u001b[39m\n        \u001b[36m>\u001b[39m\n          \u001b[36m<svg\u001b[39m\n            \u001b[33maria-hid...\n    at Object.getElementError (C:\\Users\\PB-Abhay\\Desktop\\Work\\Personal\\Personal projects\\Chota Packet\\frontend\\node_modules\\@testing-library\\dom\\dist\\config.js:37:19)\n    at getElementError (C:\\Users\\PB-Abhay\\Desktop\\Work\\Personal\\Personal projects\\Chota Packet\\frontend\\node_modules\\@testing-library\\dom\\dist\\query-helpers.js:20:35)\n    at getMultipleElementsFoundError (C:\\Users\\PB-Abhay\\Desktop\\Work\\Personal\\Personal projects\\Chota Packet\\frontend\\node_modules\\@testing-library\\dom\\dist\\query-helpers.js:23:10)\n    at C:\\Users\\PB-Abhay\\Desktop\\Work\\Personal\\Personal projects\\Chota Packet\\frontend\\node_modules\\@testing-library\\dom\\dist\\query-helpers.js:55:13\n    at C:\\Users\\PB-Abhay\\Desktop\\Work\\Personal\\Personal projects\\Chota Packet\\frontend\\node_modules\\@testing-library\\dom\\dist\\query-helpers.js:95:19\n    at openMenu (C:/Users/PB-Abhay/Desktop/Work/Personal/Personal projects/Chota Packet/frontend/src/components/layout/Sidebar/UserMenu.test.jsx:33:24)\n    at C:/Users/PB-Abhay/Desktop/Work/Personal/Personal projects/Chota Packet/frontend/src/components/layout/Sidebar/UserMenu.test.jsx:151:5\n    at file:///C:/Users/PB-Abhay/Desktop/Work/Personal/Personal%20projects/Chota%20Packet/frontend/node_modules/@vitest/runner/dist/chunk-artifact.js:302:11\n    at file:///C:/Users/PB-Abhay/Desktop/Work/Personal/Personal%20projects/Chota%20Packet/frontend/node_modules/@vitest/runner/dist/chunk-artifact.js:1893:26\n    at file:///C:/Users/PB-Abhay/Desktop/Work/Personal/Personal%20projects/Chota%20Packet/frontend/node_modules/@vitest/runner/dist/chunk-artifact.js:2316:20"],"meta":{},"tags":[]}],"startTime":1775196973795,"endTime":1775196974130.0647,"status":"failed","message":"","name":"C:/Users/PB-Abhay/Desktop/Work/Personal/Personal projects/Chota Packet/frontend/src/components/layout/Sidebar/UserMenu.test.jsx"}]}
